[ 2017-01-20T13:20:43+08:00 ] 127.0.0.1 /__CSS__/index.css
INFO: [ app_init ] --START--
INFO: Run Behavior\BuildLiteBehavior [ RunTime:0.000021s ]
INFO: [ app_init ] --END-- [ RunTime:0.000706s ]
ERR: 无法加载模块:__CSS__

[ 2017-01-20T13:20:43+08:00 ] 127.0.0.1 /__SCRIPT__/index.js
INFO: [ app_init ] --START--
INFO: Run Behavior\BuildLiteBehavior [ RunTime:0.000014s ]
INFO: [ app_init ] --END-- [ RunTime:0.000504s ]
ERR: 无法加载模块:__SCRIPT__

[ 2017-01-20T13:20:43+08:00 ] 127.0.0.1 /Ucenter/images/noavatar_big.gif
INFO: [ app_init ] --START--
INFO: Run Behavior\BuildLiteBehavior [ RunTime:0.000014s ]
INFO: [ app_init ] --END-- [ RunTime:0.000603s ]
ERR: 无法加载模块:Ucenter

[ 2017-01-20T13:20:43+08:00 ] 127.0.0.1 /Uploads/2016-12-08/5848d416e6135.jpg
INFO: [ app_init ] --START--
INFO: Run Behavior\BuildLiteBehavior [ RunTime:0.000016s ]
INFO: [ app_init ] --END-- [ RunTime:0.000598s ]
ERR: 无法加载模块:Uploads

[ 2017-01-20T13:20:43+08:00 ] 127.0.0.1 /Uploads/2016-11-30/583e64c38f11d.png
INFO: [ app_init ] --START--
INFO: Run Behavior\BuildLiteBehavior [ RunTime:0.000028s ]
INFO: [ app_init ] --END-- [ RunTime:0.000782s ]
ERR: 无法加载模块:Uploads

[ 2017-01-20T13:20:43+08:00 ] 127.0.0.1 /Uploads/2016-12-01/583f884f18fef.jpg
INFO: [ app_init ] --START--
INFO: Run Behavior\BuildLiteBehavior [ RunTime:0.000020s ]
INFO: [ app_init ] --END-- [ RunTime:0.000740s ]
ERR: 无法加载模块:Uploads

[ 2017-01-20T13:20:43+08:00 ] 127.0.0.1 /Uploads/2016-12-01/583f9377827f4.jpg
INFO: [ app_init ] --START--
INFO: Run Behavior\BuildLiteBehavior [ RunTime:0.000018s ]
INFO: [ app_init ] --END-- [ RunTime:0.000967s ]
ERR: 无法加载模块:Uploads

[ 2017-01-20T13:20:43+08:00 ] 127.0.0.1 /Uploads/2016-11-27/583a42b08cb38.jpg
INFO: [ app_init ] --START--
INFO: Run Behavior\BuildLiteBehavior [ RunTime:0.000021s ]
INFO: [ app_init ] --END-- [ RunTime:0.001061s ]
ERR: 无法加载模块:Uploads

[ 2017-01-20T13:20:43+08:00 ] 127.0.0.1 /Uploads/2016-12-01/583ff63ca60c0.jpg
INFO: [ app_init ] --START--
INFO: Run Behavior\BuildLiteBehavior [ RunTime:0.000020s ]
INFO: [ app_init ] --END-- [ RunTime:0.000786s ]
ERR: 无法加载模块:Uploads

[ 2017-01-20T13:20:43+08:00 ] 127.0.0.1 /Uploads/2016-12-01/583f8fd449840.jpg
INFO: [ app_init ] --START--
INFO: Run Behavior\BuildLiteBehavior [ RunTime:0.000021s ]
INFO: [ app_init ] --END-- [ RunTime:0.000834s ]
ERR: 无法加载模块:Uploads

[ 2017-01-20T13:20:43+08:00 ] 127.0.0.1 /Uploads/2016-12-01/583fd093252ef.jpg
INFO: [ app_init ] --START--
INFO: Run Behavior\BuildLiteBehavior [ RunTime:0.000019s ]
INFO: [ app_init ] --END-- [ RunTime:0.000605s ]
ERR: 无法加载模块:Uploads

[ 2017-01-20T13:20:43+08:00 ] 127.0.0.1 /Uploads/2016-12-01/583fd0c24a292.jpg
INFO: [ app_init ] --START--
INFO: Run Behavior\BuildLiteBehavior [ RunTime:0.000024s ]
INFO: [ app_init ] --END-- [ RunTime:0.001309s ]
ERR: 无法加载模块:Uploads

[ 2017-01-20T13:20:43+08:00 ] 127.0.0.1 /Uploads/2016-12-01/583fd210be632.jpg
INFO: [ app_init ] --START--
INFO: Run Behavior\BuildLiteBehavior [ RunTime:0.000020s ]
INFO: [ app_init ] --END-- [ RunTime:0.000720s ]
ERR: 无法加载模块:Uploads

[ 2017-01-20T13:20:43+08:00 ] 127.0.0.1 /Uploads/2016-12-08/5848d3cb9f5a2.png
INFO: [ app_init ] --START--
INFO: Run Behavior\BuildLiteBehavior [ RunTime:0.000019s ]
INFO: [ app_init ] --END-- [ RunTime:0.000715s ]
ERR: 无法加载模块:Uploads

[ 2017-01-20T13:20:43+08:00 ] 127.0.0.1 /Uploads/2016-12-08/5848d4d7be4da.png
INFO: [ app_init ] --START--
INFO: Run Behavior\BuildLiteBehavior [ RunTime:0.000019s ]
INFO: [ app_init ] --END-- [ RunTime:0.000824s ]
ERR: 无法加载模块:Uploads

[ 2017-01-20T13:20:43+08:00 ] 127.0.0.1 /Uploads/2016-12-08/5848d4fcde524.png
INFO: [ app_init ] --START--
INFO: Run Behavior\BuildLiteBehavior [ RunTime:0.000020s ]
INFO: [ app_init ] --END-- [ RunTime:0.000705s ]
ERR: 无法加载模块:Uploads

[ 2017-01-20T13:20:43+08:00 ] 127.0.0.1 /Uploads/2016-12-08/5848d51f23c71.png
INFO: [ app_init ] --START--
INFO: Run Behavior\BuildLiteBehavior [ RunTime:0.000022s ]
INFO: [ app_init ] --END-- [ RunTime:0.000829s ]
ERR: 无法加载模块:Uploads

[ 2017-01-20T13:20:43+08:00 ] 127.0.0.1 /Uploads/2016-12-08/5848d53a6757e.png
INFO: [ app_init ] --START--
INFO: Run Behavior\BuildLiteBehavior [ RunTime:0.000028s ]
INFO: [ app_init ] --END-- [ RunTime:0.001259s ]
ERR: 无法加载模块:Uploads

[ 2017-01-20T13:20:43+08:00 ] 127.0.0.1 /Ucenter/images/noavatar_big.gif
INFO: [ app_init ] --START--
INFO: Run Behavior\BuildLiteBehavior [ RunTime:0.000020s ]
INFO: [ app_init ] --END-- [ RunTime:0.000698s ]
ERR: 无法加载模块:Ucenter

[ 2017-01-20T13:20:43+08:00 ] 127.0.0.1 /Uploads/2016-12-01/583f9377827f4.jpg
INFO: [ app_init ] --START--
INFO: Run Behavior\BuildLiteBehavior [ RunTime:0.000021s ]
INFO: [ app_init ] --END-- [ RunTime:0.000746s ]
ERR: 无法加载模块:Uploads

[ 2017-01-20T13:20:43+08:00 ] 127.0.0.1 /Uploads/2016-12-08/5848d416e6135.jpg
INFO: [ app_init ] --START--
INFO: Run Behavior\BuildLiteBehavior [ RunTime:0.000020s ]
INFO: [ app_init ] --END-- [ RunTime:0.000728s ]
ERR: 无法加载模块:Uploads

[ 2017-01-20T13:20:43+08:00 ] 127.0.0.1 /Uploads/2016-12-01/583f884f18fef.jpg
INFO: [ app_init ] --START--
INFO: Run Behavior\BuildLiteBehavior [ RunTime:0.000031s ]
INFO: [ app_init ] --END-- [ RunTime:0.000707s ]
ERR: 无法加载模块:Uploads

[ 2017-01-20T13:20:43+08:00 ] 127.0.0.1 /Uploads/2016-11-30/583e64c38f11d.png
INFO: [ app_init ] --START--
INFO: Run Behavior\BuildLiteBehavior [ RunTime:0.000018s ]
INFO: [ app_init ] --END-- [ RunTime:0.000619s ]
ERR: 无法加载模块:Uploads

[ 2017-01-20T13:20:43+08:00 ] 127.0.0.1 /Uploads/2016-12-01/583ff63ca60c0.jpg
INFO: [ app_init ] --START--
INFO: Run Behavior\BuildLiteBehavior [ RunTime:0.000021s ]
INFO: [ app_init ] --END-- [ RunTime:0.000726s ]
ERR: 无法加载模块:Uploads

[ 2017-01-20T13:20:43+08:00 ] 127.0.0.1 /Uploads/2016-11-27/583a42b08cb38.jpg
INFO: [ app_init ] --START--
INFO: Run Behavior\BuildLiteBehavior [ RunTime:0.000019s ]
INFO: [ app_init ] --END-- [ RunTime:0.000638s ]
ERR: 无法加载模块:Uploads

[ 2017-01-20T13:20:43+08:00 ] 127.0.0.1 /Uploads/2016-12-01/583f8fd449840.jpg
INFO: [ app_init ] --START--
INFO: Run Behavior\BuildLiteBehavior [ RunTime:0.000021s ]
INFO: [ app_init ] --END-- [ RunTime:0.000839s ]
ERR: 无法加载模块:Uploads

[ 2017-01-20T13:20:43+08:00 ] 127.0.0.1 /Uploads/2016-12-01/583fd093252ef.jpg
INFO: [ app_init ] --START--
INFO: Run Behavior\BuildLiteBehavior [ RunTime:0.000019s ]
INFO: [ app_init ] --END-- [ RunTime:0.000719s ]
ERR: 无法加载模块:Uploads

[ 2017-01-20T13:20:43+08:00 ] 127.0.0.1 /Uploads/2016-12-01/583fd0c24a292.jpg
INFO: [ app_init ] --START--
INFO: Run Behavior\BuildLiteBehavior [ RunTime:0.000020s ]
INFO: [ app_init ] --END-- [ RunTime:0.000802s ]
ERR: 无法加载模块:Uploads

[ 2017-01-20T13:20:43+08:00 ] 127.0.0.1 /Uploads/2016-12-08/5848d3cb9f5a2.png
INFO: [ app_init ] --START--
INFO: Run Behavior\BuildLiteBehavior [ RunTime:0.000019s ]
INFO: [ app_init ] --END-- [ RunTime:0.000671s ]
ERR: 无法加载模块:Uploads

[ 2017-01-20T13:20:43+08:00 ] 127.0.0.1 /Uploads/2016-12-01/583fd210be632.jpg
INFO: [ app_init ] --START--
INFO: Run Behavior\BuildLiteBehavior [ RunTime:0.000021s ]
INFO: [ app_init ] --END-- [ RunTime:0.001179s ]
ERR: 无法加载模块:Uploads

[ 2017-01-20T13:20:43+08:00 ] 127.0.0.1 /Uploads/2016-12-08/5848d51f23c71.png
INFO: [ app_init ] --START--
INFO: Run Behavior\BuildLiteBehavior [ RunTime:0.000019s ]
INFO: [ app_init ] --END-- [ RunTime:0.000702s ]
ERR: 无法加载模块:Uploads

[ 2017-01-20T13:20:43+08:00 ] 127.0.0.1 /Uploads/2016-12-08/5848d53a6757e.png
INFO: [ app_init ] --START--
INFO: Run Behavior\BuildLiteBehavior [ RunTime:0.000020s ]
INFO: [ app_init ] --END-- [ RunTime:0.000723s ]
ERR: 无法加载模块:Uploads

[ 2017-01-20T13:20:43+08:00 ] 127.0.0.1 /Uploads/2016-12-08/5848d4d7be4da.png
INFO: [ app_init ] --START--
INFO: Run Behavior\BuildLiteBehavior [ RunTime:0.000021s ]
INFO: [ app_init ] --END-- [ RunTime:0.000751s ]
ERR: 无法加载模块:Uploads

[ 2017-01-20T13:20:43+08:00 ] 127.0.0.1 /Uploads/2016-12-08/5848d4fcde524.png
INFO: [ app_init ] --START--
INFO: Run Behavior\BuildLiteBehavior [ RunTime:0.000558s ]
INFO: [ app_init ] --END-- [ RunTime:0.002058s ]
ERR: 无法加载模块:Uploads

[ 2017-01-20T13:20:43+08:00 ] 127.0.0.1 /Uploads/2016-12-11/584cc0f268610.jpg
INFO: [ app_init ] --START--
INFO: Run Behavior\BuildLiteBehavior [ RunTime:0.000022s ]
INFO: [ app_init ] --END-- [ RunTime:0.000692s ]
ERR: 无法加载模块:Uploads

[ 2017-01-20T13:20:43+08:00 ] 127.0.0.1 /Uploads/2016-12-11/584cc12cecd98.jpg
INFO: [ app_init ] --START--
INFO: Run Behavior\BuildLiteBehavior [ RunTime:0.000020s ]
INFO: [ app_init ] --END-- [ RunTime:0.000761s ]
ERR: 无法加载模块:Uploads

[ 2017-01-20T13:20:43+08:00 ] 127.0.0.1 /Ucenter/images/noavatar_big.gif
INFO: [ app_init ] --START--
INFO: Run Behavior\BuildLiteBehavior [ RunTime:0.000014s ]
INFO: [ app_init ] --END-- [ RunTime:0.000489s ]
ERR: 无法加载模块:Ucenter

[ 2017-01-20T13:20:43+08:00 ] 127.0.0.1 /Ucenter/images/noavatar_big.gif
INFO: [ app_init ] --START--
INFO: Run Behavior\BuildLiteBehavior [ RunTime:0.000019s ]
INFO: [ app_init ] --END-- [ RunTime:0.000831s ]
ERR: 无法加载模块:Ucenter

[ 2017-01-20T13:20:43+08:00 ] 127.0.0.1 /Ucenter/images/noavatar_big.gif
INFO: [ app_init ] --START--
INFO: Run Behavior\BuildLiteBehavior [ RunTime:0.000020s ]
INFO: [ app_init ] --END-- [ RunTime:0.000793s ]
ERR: 无法加载模块:Ucenter

[ 2017-01-20T13:20:43+08:00 ] 127.0.0.1 /Ucenter/images/noavatar_big.gif
INFO: [ app_init ] --START--
INFO: Run Behavior\BuildLiteBehavior [ RunTime:0.000019s ]
INFO: [ app_init ] --END-- [ RunTime:0.000730s ]
ERR: 无法加载模块:Ucenter

[ 2017-01-20T13:20:43+08:00 ] 127.0.0.1 /Ucenter/images/noavatar_big.gif
INFO: [ app_init ] --START--
INFO: Run Behavior\BuildLiteBehavior [ RunTime:0.000021s ]
INFO: [ app_init ] --END-- [ RunTime:0.000745s ]
ERR: 无法加载模块:Ucenter

