[ 2017-01-18T12:44:56+08:00 ] 127.0.0.1 /__CSS__/index.css
INFO: [ app_init ] --START--
INFO: Run Behavior\BuildLiteBehavior [ RunTime:0.000014s ]
INFO: [ app_init ] --END-- [ RunTime:0.000552s ]
ERR: 无法加载模块:__CSS__

[ 2017-01-18T12:44:56+08:00 ] 127.0.0.1 /__SCRIPT__/index.js
INFO: [ app_init ] --START--
INFO: Run Behavior\BuildLiteBehavior [ RunTime:0.000014s ]
INFO: [ app_init ] --END-- [ RunTime:0.000503s ]
ERR: 无法加载模块:__SCRIPT__

[ 2017-01-18T12:44:56+08:00 ] 127.0.0.1 /Ucenter/images/noavatar_big.gif
INFO: [ app_init ] --START--
INFO: Run Behavior\BuildLiteBehavior [ RunTime:0.000013s ]
INFO: [ app_init ] --END-- [ RunTime:0.000421s ]
ERR: 无法加载模块:Ucenter

[ 2017-01-18T12:44:56+08:00 ] 127.0.0.1 /Uploads/2016-12-08/5848d416e6135.jpg
INFO: [ app_init ] --START--
INFO: Run Behavior\BuildLiteBehavior [ RunTime:0.000015s ]
INFO: [ app_init ] --END-- [ RunTime:0.000518s ]
ERR: 无法加载模块:Uploads

[ 2017-01-18T12:44:56+08:00 ] 127.0.0.1 /Uploads/2016-12-01/583ff63ca60c0.jpg
INFO: [ app_init ] --START--
INFO: Run Behavior\BuildLiteBehavior [ RunTime:0.000021s ]
INFO: [ app_init ] --END-- [ RunTime:0.001952s ]
ERR: 无法加载模块:Uploads

[ 2017-01-18T12:44:56+08:00 ] 127.0.0.1 /Uploads/2016-12-01/583f9377827f4.jpg
INFO: [ app_init ] --START--
INFO: Run Behavior\BuildLiteBehavior [ RunTime:0.000021s ]
INFO: [ app_init ] --END-- [ RunTime:0.000616s ]
ERR: 无法加载模块:Uploads

[ 2017-01-18T12:44:56+08:00 ] 127.0.0.1 /Uploads/2016-11-30/583e64c38f11d.png
INFO: [ app_init ] --START--
INFO: Run Behavior\BuildLiteBehavior [ RunTime:0.000019s ]
INFO: [ app_init ] --END-- [ RunTime:0.000636s ]
ERR: 无法加载模块:Uploads

[ 2017-01-18T12:44:56+08:00 ] 127.0.0.1 /Uploads/2016-12-01/583f8fd449840.jpg
INFO: [ app_init ] --START--
INFO: Run Behavior\BuildLiteBehavior [ RunTime:0.000019s ]
INFO: [ app_init ] --END-- [ RunTime:0.000665s ]
ERR: 无法加载模块:Uploads

[ 2017-01-18T12:44:56+08:00 ] 127.0.0.1 /Uploads/2016-12-01/583fd093252ef.jpg
INFO: [ app_init ] --START--
INFO: Run Behavior\BuildLiteBehavior [ RunTime:0.000018s ]
INFO: [ app_init ] --END-- [ RunTime:0.000584s ]
ERR: 无法加载模块:Uploads

[ 2017-01-18T12:44:56+08:00 ] 127.0.0.1 /Uploads/2016-12-01/583fd210be632.jpg
INFO: [ app_init ] --START--
INFO: Run Behavior\BuildLiteBehavior [ RunTime:0.000020s ]
INFO: [ app_init ] --END-- [ RunTime:0.000654s ]
ERR: 无法加载模块:Uploads

[ 2017-01-18T12:44:56+08:00 ] 127.0.0.1 /Uploads/2016-12-01/583f884f18fef.jpg
INFO: [ app_init ] --START--
INFO: Run Behavior\BuildLiteBehavior [ RunTime:0.000025s ]
INFO: [ app_init ] --END-- [ RunTime:0.000723s ]
ERR: 无法加载模块:Uploads

[ 2017-01-18T12:44:56+08:00 ] 127.0.0.1 /Uploads/2016-11-27/583a42b08cb38.jpg
INFO: [ app_init ] --START--
INFO: Run Behavior\BuildLiteBehavior [ RunTime:0.000114s ]
INFO: [ app_init ] --END-- [ RunTime:0.000877s ]
ERR: 无法加载模块:Uploads

[ 2017-01-18T12:44:56+08:00 ] 127.0.0.1 /Uploads/2016-12-01/583fd0c24a292.jpg
INFO: [ app_init ] --START--
INFO: Run Behavior\BuildLiteBehavior [ RunTime:0.000020s ]
INFO: [ app_init ] --END-- [ RunTime:0.000649s ]
ERR: 无法加载模块:Uploads

[ 2017-01-18T12:44:57+08:00 ] 127.0.0.1 /Uploads/2016-12-08/5848d3cb9f5a2.png
INFO: [ app_init ] --START--
INFO: Run Behavior\BuildLiteBehavior [ RunTime:0.000022s ]
INFO: [ app_init ] --END-- [ RunTime:0.002333s ]
ERR: 无法加载模块:Uploads

[ 2017-01-18T12:44:57+08:00 ] 127.0.0.1 /Uploads/2016-12-08/5848d4fcde524.png
INFO: [ app_init ] --START--
INFO: Run Behavior\BuildLiteBehavior [ RunTime:0.000022s ]
INFO: [ app_init ] --END-- [ RunTime:0.000798s ]
ERR: 无法加载模块:Uploads

[ 2017-01-18T12:44:57+08:00 ] 127.0.0.1 /Uploads/2016-12-08/5848d51f23c71.png
INFO: [ app_init ] --START--
INFO: Run Behavior\BuildLiteBehavior [ RunTime:0.000019s ]
INFO: [ app_init ] --END-- [ RunTime:0.000650s ]
ERR: 无法加载模块:Uploads

[ 2017-01-18T12:44:57+08:00 ] 127.0.0.1 /Uploads/2016-12-08/5848d4d7be4da.png
INFO: [ app_init ] --START--
INFO: Run Behavior\BuildLiteBehavior [ RunTime:0.000022s ]
INFO: [ app_init ] --END-- [ RunTime:0.005232s ]
ERR: 无法加载模块:Uploads

[ 2017-01-18T12:44:57+08:00 ] 127.0.0.1 /Uploads/2016-12-08/5848d53a6757e.png
INFO: [ app_init ] --START--
INFO: Run Behavior\BuildLiteBehavior [ RunTime:0.000024s ]
INFO: [ app_init ] --END-- [ RunTime:0.002137s ]
ERR: 无法加载模块:Uploads

[ 2017-01-18T12:44:57+08:00 ] 127.0.0.1 /Uploads/2016-12-01/583f884f18fef.jpg
INFO: [ app_init ] --START--
INFO: Run Behavior\BuildLiteBehavior [ RunTime:0.000021s ]
INFO: [ app_init ] --END-- [ RunTime:0.000614s ]
ERR: 无法加载模块:Uploads

[ 2017-01-18T12:44:57+08:00 ] 127.0.0.1 /Ucenter/images/noavatar_big.gif
INFO: [ app_init ] --START--
INFO: Run Behavior\BuildLiteBehavior [ RunTime:0.000020s ]
INFO: [ app_init ] --END-- [ RunTime:0.000678s ]
ERR: 无法加载模块:Ucenter

[ 2017-01-18T12:44:57+08:00 ] 127.0.0.1 /Uploads/2016-11-27/583a42b08cb38.jpg
INFO: [ app_init ] --START--
INFO: Run Behavior\BuildLiteBehavior [ RunTime:0.000019s ]
INFO: [ app_init ] --END-- [ RunTime:0.000622s ]
ERR: 无法加载模块:Uploads

[ 2017-01-18T12:44:57+08:00 ] 127.0.0.1 /Uploads/2016-12-01/583f9377827f4.jpg
INFO: [ app_init ] --START--
INFO: Run Behavior\BuildLiteBehavior [ RunTime:0.000024s ]
INFO: [ app_init ] --END-- [ RunTime:0.000616s ]
ERR: 无法加载模块:Uploads

[ 2017-01-18T12:44:57+08:00 ] 127.0.0.1 /Uploads/2016-12-01/583fd093252ef.jpg
INFO: [ app_init ] --START--
INFO: Run Behavior\BuildLiteBehavior [ RunTime:0.000019s ]
INFO: [ app_init ] --END-- [ RunTime:0.000639s ]
ERR: 无法加载模块:Uploads

[ 2017-01-18T12:44:57+08:00 ] 127.0.0.1 /Uploads/2016-12-08/5848d416e6135.jpg
INFO: [ app_init ] --START--
INFO: Run Behavior\BuildLiteBehavior [ RunTime:0.000019s ]
INFO: [ app_init ] --END-- [ RunTime:0.000646s ]
ERR: 无法加载模块:Uploads

[ 2017-01-18T12:44:57+08:00 ] 127.0.0.1 /Uploads/2016-12-01/583fd0c24a292.jpg
INFO: [ app_init ] --START--
INFO: Run Behavior\BuildLiteBehavior [ RunTime:0.000020s ]
INFO: [ app_init ] --END-- [ RunTime:0.000615s ]
ERR: 无法加载模块:Uploads

[ 2017-01-18T12:44:57+08:00 ] 127.0.0.1 /Uploads/2016-12-08/5848d3cb9f5a2.png
INFO: [ app_init ] --START--
INFO: Run Behavior\BuildLiteBehavior [ RunTime:0.000017s ]
INFO: [ app_init ] --END-- [ RunTime:0.000616s ]
ERR: 无法加载模块:Uploads

[ 2017-01-18T12:44:57+08:00 ] 127.0.0.1 /Uploads/2016-12-01/583fd210be632.jpg
INFO: [ app_init ] --START--
INFO: Run Behavior\BuildLiteBehavior [ RunTime:0.000023s ]
INFO: [ app_init ] --END-- [ RunTime:0.000848s ]
ERR: 无法加载模块:Uploads

[ 2017-01-18T12:44:57+08:00 ] 127.0.0.1 /Uploads/2016-12-01/583ff63ca60c0.jpg
INFO: [ app_init ] --START--
INFO: Run Behavior\BuildLiteBehavior [ RunTime:0.000027s ]
INFO: [ app_init ] --END-- [ RunTime:0.004887s ]
ERR: 无法加载模块:Uploads

[ 2017-01-18T12:44:57+08:00 ] 127.0.0.1 /Uploads/2016-12-01/583f8fd449840.jpg
INFO: [ app_init ] --START--
INFO: Run Behavior\BuildLiteBehavior [ RunTime:0.000020s ]
INFO: [ app_init ] --END-- [ RunTime:0.002356s ]
ERR: 无法加载模块:Uploads

[ 2017-01-18T12:44:57+08:00 ] 127.0.0.1 /Uploads/2016-12-08/5848d4d7be4da.png
INFO: [ app_init ] --START--
INFO: Run Behavior\BuildLiteBehavior [ RunTime:0.000022s ]
INFO: [ app_init ] --END-- [ RunTime:0.001683s ]
ERR: 无法加载模块:Uploads

[ 2017-01-18T12:44:57+08:00 ] 127.0.0.1 /Uploads/2016-12-08/5848d4fcde524.png
INFO: [ app_init ] --START--
INFO: Run Behavior\BuildLiteBehavior [ RunTime:0.000021s ]
INFO: [ app_init ] --END-- [ RunTime:0.000649s ]
ERR: 无法加载模块:Uploads

[ 2017-01-18T12:44:57+08:00 ] 127.0.0.1 /Uploads/2016-12-08/5848d53a6757e.png
INFO: [ app_init ] --START--
INFO: Run Behavior\BuildLiteBehavior [ RunTime:0.000041s ]
INFO: [ app_init ] --END-- [ RunTime:0.000752s ]
ERR: 无法加载模块:Uploads

[ 2017-01-18T12:44:57+08:00 ] 127.0.0.1 /Uploads/2016-12-11/584cc12cecd98.jpg
INFO: [ app_init ] --START--
INFO: Run Behavior\BuildLiteBehavior [ RunTime:0.000020s ]
INFO: [ app_init ] --END-- [ RunTime:0.000815s ]
ERR: 无法加载模块:Uploads

[ 2017-01-18T12:44:57+08:00 ] 127.0.0.1 /Uploads/2016-12-08/5848d51f23c71.png
INFO: [ app_init ] --START--
INFO: Run Behavior\BuildLiteBehavior [ RunTime:0.000022s ]
INFO: [ app_init ] --END-- [ RunTime:0.000798s ]
ERR: 无法加载模块:Uploads

[ 2017-01-18T12:44:57+08:00 ] 127.0.0.1 /Uploads/2016-11-30/583e64c38f11d.png
INFO: [ app_init ] --START--
INFO: Run Behavior\BuildLiteBehavior [ RunTime:0.000029s ]
INFO: [ app_init ] --END-- [ RunTime:0.000851s ]
ERR: 无法加载模块:Uploads

[ 2017-01-18T12:44:57+08:00 ] 127.0.0.1 /Ucenter/images/noavatar_big.gif
INFO: [ app_init ] --START--
INFO: Run Behavior\BuildLiteBehavior [ RunTime:0.000020s ]
INFO: [ app_init ] --END-- [ RunTime:0.000650s ]
ERR: 无法加载模块:Ucenter

[ 2017-01-18T12:44:57+08:00 ] 127.0.0.1 /Ucenter/images/noavatar_big.gif
INFO: [ app_init ] --START--
INFO: Run Behavior\BuildLiteBehavior [ RunTime:0.000039s ]
INFO: [ app_init ] --END-- [ RunTime:0.001214s ]
ERR: 无法加载模块:Ucenter

[ 2017-01-18T12:44:57+08:00 ] 127.0.0.1 /Ucenter/images/noavatar_big.gif
INFO: [ app_init ] --START--
INFO: Run Behavior\BuildLiteBehavior [ RunTime:0.000021s ]
INFO: [ app_init ] --END-- [ RunTime:0.001175s ]
ERR: 无法加载模块:Ucenter

[ 2017-01-18T12:44:57+08:00 ] 127.0.0.1 /Ucenter/images/noavatar_big.gif
INFO: [ app_init ] --START--
INFO: Run Behavior\BuildLiteBehavior [ RunTime:0.000030s ]
INFO: [ app_init ] --END-- [ RunTime:0.000735s ]
ERR: 无法加载模块:Ucenter

[ 2017-01-18T12:44:57+08:00 ] 127.0.0.1 /Ucenter/images/noavatar_big.gif
INFO: [ app_init ] --START--
INFO: Run Behavior\BuildLiteBehavior [ RunTime:0.000020s ]
INFO: [ app_init ] --END-- [ RunTime:0.000773s ]
ERR: 无法加载模块:Ucenter

[ 2017-01-18T12:44:57+08:00 ] 127.0.0.1 /Ucenter/images/noavatar_big.gif
INFO: [ app_init ] --START--
INFO: Run Behavior\BuildLiteBehavior [ RunTime:0.000020s ]
INFO: [ app_init ] --END-- [ RunTime:0.000704s ]
ERR: 无法加载模块:Ucenter

[ 2017-01-18T12:44:57+08:00 ] 127.0.0.1 /Ucenter/images/noavatar_big.gif
INFO: [ app_init ] --START--
INFO: Run Behavior\BuildLiteBehavior [ RunTime:0.000020s ]
INFO: [ app_init ] --END-- [ RunTime:0.000688s ]
ERR: 无法加载模块:Ucenter

[ 2017-01-18T12:44:57+08:00 ] 127.0.0.1 /Ucenter/images/noavatar_big.gif
INFO: [ app_init ] --START--
INFO: Run Behavior\BuildLiteBehavior [ RunTime:0.000018s ]
INFO: [ app_init ] --END-- [ RunTime:0.000688s ]
ERR: 无法加载模块:Ucenter

[ 2017-01-18T12:44:57+08:00 ] 127.0.0.1 /Ucenter/images/noavatar_big.gif
INFO: [ app_init ] --START--
INFO: Run Behavior\BuildLiteBehavior [ RunTime:0.000022s ]
INFO: [ app_init ] --END-- [ RunTime:0.000614s ]
ERR: 无法加载模块:Ucenter

[ 2017-01-18T12:44:57+08:00 ] 127.0.0.1 /Ucenter/images/noavatar_big.gif
INFO: [ app_init ] --START--
INFO: Run Behavior\BuildLiteBehavior [ RunTime:0.000023s ]
INFO: [ app_init ] --END-- [ RunTime:0.000638s ]
ERR: 无法加载模块:Ucenter

[ 2017-01-18T12:44:57+08:00 ] 127.0.0.1 /Ucenter/images/noavatar_big.gif
INFO: [ app_init ] --START--
INFO: Run Behavior\BuildLiteBehavior [ RunTime:0.000019s ]
INFO: [ app_init ] --END-- [ RunTime:0.000699s ]
ERR: 无法加载模块:Ucenter

[ 2017-01-18T12:44:58+08:00 ] 127.0.0.1 /Ucenter/images/noavatar_big.gif
INFO: [ app_init ] --START--
INFO: Run Behavior\BuildLiteBehavior [ RunTime:0.000211s ]
INFO: [ app_init ] --END-- [ RunTime:0.001072s ]
ERR: 无法加载模块:Ucenter

