[ 2017-01-11T21:57:09+08:00 ] ::1 /xzb/public/admin
INFO: [ app_init ] --START--
INFO: Run Behavior\BuildLiteBehavior [ RunTime:0.000046s ]
INFO: [ app_init ] --END-- [ RunTime:0.001098s ]
INFO: [ app_begin ] --START--
INFO: Run Behavior\ReadHtmlCacheBehavior [ RunTime:0.001123s ]
INFO: [ app_begin ] --END-- [ RunTime:0.001249s ]

[ 2017-01-11T21:57:09+08:00 ] ::1 /xzb/Public/index.php/Admin/Index/login.html
INFO: [ app_init ] --START--
INFO: Run Behavior\BuildLiteBehavior [ RunTime:0.000024s ]
INFO: [ app_init ] --END-- [ RunTime:0.000870s ]
INFO: [ app_begin ] --START--
INFO: Run Behavior\ReadHtmlCacheBehavior [ RunTime:0.001243s ]
INFO: [ app_begin ] --END-- [ RunTime:0.001394s ]
INFO: [ view_parse ] --START--
INFO: [ template_filter ] --START--
INFO: Run Behavior\ContentReplaceBehavior [ RunTime:0.000128s ]
INFO: [ template_filter ] --END-- [ RunTime:0.000318s ]
INFO: Run Behavior\ParseTemplateBehavior [ RunTime:0.055216s ]
INFO: [ view_parse ] --END-- [ RunTime:0.055390s ]
INFO: [ view_filter ] --START--
INFO: Run Behavior\WriteHtmlCacheBehavior [ RunTime:0.007162s ]
INFO: [ view_filter ] --END-- [ RunTime:0.007347s ]
INFO: [ app_end ] --START--
INFO: Run Behavior\ShowPageTraceBehavior [ RunTime:0.032462s ]
INFO: [ app_end ] --END-- [ RunTime:0.032648s ]

[ 2017-01-11T21:57:09+08:00 ] ::1 /xzb/Public/index.php/Admin/Index/__JS__/bootstrap.min.js?v=3.4.0
INFO: [ app_init ] --START--
INFO: Run Behavior\BuildLiteBehavior [ RunTime:0.000027s ]
INFO: [ app_init ] --END-- [ RunTime:0.001025s ]
INFO: [ app_begin ] --START--
INFO: Run Behavior\ReadHtmlCacheBehavior [ RunTime:0.001329s ]
INFO: [ app_begin ] --END-- [ RunTime:0.001471s ]

[ 2017-01-11T21:57:09+08:00 ] ::1 /xzb/Public/index.php/Admin/Index/__CSS__/bootstrap.min.css?v=3.4.0
INFO: [ app_init ] --START--
INFO: Run Behavior\BuildLiteBehavior [ RunTime:0.000025s ]
INFO: [ app_init ] --END-- [ RunTime:0.000811s ]
INFO: [ app_begin ] --START--
INFO: Run Behavior\ReadHtmlCacheBehavior [ RunTime:0.014641s ]
INFO: [ app_begin ] --END-- [ RunTime:0.014770s ]

[ 2017-01-11T21:57:09+08:00 ] ::1 /xzb/Public/index.php/Admin/Index/__IMG__/logo.png
INFO: [ app_init ] --START--
INFO: Run Behavior\BuildLiteBehavior [ RunTime:0.000025s ]
INFO: [ app_init ] --END-- [ RunTime:0.000833s ]

[ 2017-01-11T21:57:09+08:00 ] ::1 /xzb/Public/index.php/Admin/Index/__JS__/jquery.js
INFO: [ app_init ] --START--
INFO: Run Behavior\BuildLiteBehavior [ RunTime:0.000029s ]
INFO: [ app_init ] --END-- [ RunTime:0.008034s ]
INFO: [ app_begin ] --START--
INFO: Run Behavior\ReadHtmlCacheBehavior [ RunTime:0.021962s ]
INFO: [ app_begin ] --END-- [ RunTime:0.022230s ]

[ 2017-01-11T21:57:09+08:00 ] ::1 /xzb/Public/index.php/Admin/Index/login.html
INFO: [ app_init ] --START--
INFO: Run Behavior\BuildLiteBehavior [ RunTime:0.000044s ]
INFO: [ app_init ] --END-- [ RunTime:0.010991s ]
INFO: [ app_begin ] --START--
INFO: Run Behavior\ReadHtmlCacheBehavior [ RunTime:0.001052s ]
INFO: [ app_begin ] --END-- [ RunTime:0.001163s ]
INFO: [ view_parse ] --START--
INFO: [ template_filter ] --START--
INFO: Run Behavior\ContentReplaceBehavior [ RunTime:0.000086s ]
INFO: [ template_filter ] --END-- [ RunTime:0.000193s ]
INFO: Run Behavior\ParseTemplateBehavior [ RunTime:0.044180s ]
INFO: [ view_parse ] --END-- [ RunTime:0.044288s ]
INFO: [ view_filter ] --START--
INFO: Run Behavior\WriteHtmlCacheBehavior [ RunTime:0.009447s ]
INFO: [ view_filter ] --END-- [ RunTime:0.009555s ]
INFO: [ app_end ] --START--
INFO: Run Behavior\ShowPageTraceBehavior [ RunTime:0.002005s ]
INFO: [ app_end ] --END-- [ RunTime:0.002111s ]

[ 2017-01-11T21:57:09+08:00 ] ::1 /xzb/Public/index.php/Admin/Index/__CSS__/style.css?v=2.2.0
INFO: [ app_init ] --START--
INFO: Run Behavior\BuildLiteBehavior [ RunTime:0.000024s ]
INFO: [ app_init ] --END-- [ RunTime:0.000864s ]
INFO: [ app_begin ] --START--
INFO: Run Behavior\ReadHtmlCacheBehavior [ RunTime:0.014470s ]
INFO: [ app_begin ] --END-- [ RunTime:0.014599s ]

[ 2017-01-11T21:57:09+08:00 ] ::1 /xzb/Public/index.php/Admin/Index/__CSS__/animate.css
INFO: [ app_init ] --START--
INFO: Run Behavior\BuildLiteBehavior [ RunTime:0.000031s ]
INFO: [ app_init ] --END-- [ RunTime:0.001105s ]
INFO: [ app_begin ] --START--
INFO: Run Behavior\ReadHtmlCacheBehavior [ RunTime:0.001573s ]
INFO: [ app_begin ] --END-- [ RunTime:0.001711s ]

[ 2017-01-11T21:57:10+08:00 ] ::1 /xzb/Public/index.php/Admin/Index/login.html
INFO: [ app_init ] --START--
INFO: Run Behavior\BuildLiteBehavior [ RunTime:0.000028s ]
INFO: [ app_init ] --END-- [ RunTime:0.001155s ]
INFO: [ app_begin ] --START--
INFO: Run Behavior\ReadHtmlCacheBehavior [ RunTime:0.001272s ]
INFO: [ app_begin ] --END-- [ RunTime:0.001423s ]
INFO: [ view_parse ] --START--
INFO: [ template_filter ] --START--
INFO: Run Behavior\ContentReplaceBehavior [ RunTime:0.000092s ]
INFO: [ template_filter ] --END-- [ RunTime:0.000209s ]
INFO: Run Behavior\ParseTemplateBehavior [ RunTime:0.106340s ]
INFO: [ view_parse ] --END-- [ RunTime:0.106469s ]
INFO: [ view_filter ] --START--
INFO: Run Behavior\WriteHtmlCacheBehavior [ RunTime:0.001094s ]
INFO: [ view_filter ] --END-- [ RunTime:0.001200s ]
INFO: [ app_end ] --START--
INFO: Run Behavior\ShowPageTraceBehavior [ RunTime:0.034665s ]
INFO: [ app_end ] --END-- [ RunTime:0.034784s ]

[ 2017-01-11T21:57:10+08:00 ] ::1 /xzb/Public/index.php/Admin/Index/login.html
INFO: [ app_init ] --START--
INFO: Run Behavior\BuildLiteBehavior [ RunTime:0.000026s ]
INFO: [ app_init ] --END-- [ RunTime:0.000981s ]
INFO: [ app_begin ] --START--
INFO: Run Behavior\ReadHtmlCacheBehavior [ RunTime:0.001384s ]
INFO: [ app_begin ] --END-- [ RunTime:0.001511s ]
INFO: [ view_parse ] --START--
INFO: [ template_filter ] --START--
INFO: Run Behavior\ContentReplaceBehavior [ RunTime:0.000081s ]
INFO: [ template_filter ] --END-- [ RunTime:0.000184s ]
INFO: Run Behavior\ParseTemplateBehavior [ RunTime:0.028370s ]
INFO: [ view_parse ] --END-- [ RunTime:0.028505s ]
INFO: [ view_filter ] --START--
INFO: Run Behavior\WriteHtmlCacheBehavior [ RunTime:0.001087s ]
INFO: [ view_filter ] --END-- [ RunTime:0.001183s ]
INFO: [ app_end ] --START--
INFO: Run Behavior\ShowPageTraceBehavior [ RunTime:0.002368s ]
INFO: [ app_end ] --END-- [ RunTime:0.002469s ]

[ 2017-01-11T21:57:10+08:00 ] ::1 /xzb/Public/index.php/Admin/Index/login.html
INFO: [ app_init ] --START--
INFO: Run Behavior\BuildLiteBehavior [ RunTime:0.000050s ]
INFO: [ app_init ] --END-- [ RunTime:0.001091s ]
INFO: [ app_begin ] --START--
INFO: Run Behavior\ReadHtmlCacheBehavior [ RunTime:0.001133s ]
INFO: [ app_begin ] --END-- [ RunTime:0.001251s ]
INFO: [ view_parse ] --START--
INFO: [ template_filter ] --START--
INFO: Run Behavior\ContentReplaceBehavior [ RunTime:0.000096s ]
INFO: [ template_filter ] --END-- [ RunTime:0.000223s ]
INFO: Run Behavior\ParseTemplateBehavior [ RunTime:0.031591s ]
INFO: [ view_parse ] --END-- [ RunTime:0.031720s ]
INFO: [ view_filter ] --START--
INFO: Run Behavior\WriteHtmlCacheBehavior [ RunTime:0.004455s ]
INFO: [ view_filter ] --END-- [ RunTime:0.004577s ]
INFO: [ app_end ] --START--
INFO: Run Behavior\ShowPageTraceBehavior [ RunTime:0.001866s ]
INFO: [ app_end ] --END-- [ RunTime:0.002040s ]

[ 2017-01-11T21:57:10+08:00 ] ::1 /xzb/Public/index.php/Admin/Index/login.html
INFO: [ app_init ] --START--
INFO: Run Behavior\BuildLiteBehavior [ RunTime:0.000031s ]
INFO: [ app_init ] --END-- [ RunTime:0.001172s ]
INFO: [ app_begin ] --START--
INFO: Run Behavior\ReadHtmlCacheBehavior [ RunTime:0.001837s ]
INFO: [ app_begin ] --END-- [ RunTime:0.002052s ]
INFO: [ view_parse ] --START--
INFO: [ template_filter ] --START--
INFO: Run Behavior\ContentReplaceBehavior [ RunTime:0.000085s ]
INFO: [ template_filter ] --END-- [ RunTime:0.000190s ]
INFO: Run Behavior\ParseTemplateBehavior [ RunTime:0.034648s ]
INFO: [ view_parse ] --END-- [ RunTime:0.034859s ]
INFO: [ view_filter ] --START--
INFO: Run Behavior\WriteHtmlCacheBehavior [ RunTime:0.002769s ]
INFO: [ view_filter ] --END-- [ RunTime:0.002865s ]
INFO: [ app_end ] --START--
INFO: Run Behavior\ShowPageTraceBehavior [ RunTime:0.002272s ]
INFO: [ app_end ] --END-- [ RunTime:0.002365s ]

[ 2017-01-11T21:57:44+08:00 ] ::1 /xzb/Public/index.php/Admin/Index/login.html
INFO: [ app_init ] --START--
INFO: Run Behavior\BuildLiteBehavior [ RunTime:0.000044s ]
INFO: [ app_init ] --END-- [ RunTime:0.001355s ]
INFO: [ app_begin ] --START--
INFO: Run Behavior\ReadHtmlCacheBehavior [ RunTime:0.002743s ]
INFO: [ app_begin ] --END-- [ RunTime:0.002923s ]
INFO: [ view_parse ] --START--
INFO: [ template_filter ] --START--
INFO: Run Behavior\ContentReplaceBehavior [ RunTime:0.000091s ]
INFO: [ template_filter ] --END-- [ RunTime:0.000224s ]
INFO: Run Behavior\ParseTemplateBehavior [ RunTime:0.030772s ]
INFO: [ view_parse ] --END-- [ RunTime:0.030883s ]
INFO: [ view_filter ] --START--
INFO: Run Behavior\WriteHtmlCacheBehavior [ RunTime:0.000813s ]
INFO: [ view_filter ] --END-- [ RunTime:0.000891s ]
INFO: [ app_end ] --START--
INFO: Run Behavior\ShowPageTraceBehavior [ RunTime:0.001445s ]
INFO: [ app_end ] --END-- [ RunTime:0.001558s ]

[ 2017-01-11T21:57:44+08:00 ] ::1 /xzb/Public/index.php/Admin/Index/__CSS__/bootstrap.min.css?v=3.4.0
INFO: [ app_init ] --START--
INFO: Run Behavior\BuildLiteBehavior [ RunTime:0.000025s ]
INFO: [ app_init ] --END-- [ RunTime:0.000859s ]
INFO: [ app_begin ] --START--
INFO: Run Behavior\ReadHtmlCacheBehavior [ RunTime:0.001320s ]
INFO: [ app_begin ] --END-- [ RunTime:0.001453s ]

[ 2017-01-11T21:57:44+08:00 ] ::1 /xzb/Public/index.php/Admin/Index/__JS__/bootstrap.min.js?v=3.4.0
INFO: [ app_init ] --START--
INFO: Run Behavior\BuildLiteBehavior [ RunTime:0.000035s ]
INFO: [ app_init ] --END-- [ RunTime:0.001076s ]
INFO: [ app_begin ] --START--
INFO: Run Behavior\ReadHtmlCacheBehavior [ RunTime:0.016051s ]
INFO: [ app_begin ] --END-- [ RunTime:0.016427s ]

[ 2017-01-11T21:57:44+08:00 ] ::1 /xzb/Public/index.php/Admin/Index/__JS__/jquery.js
INFO: [ app_init ] --START--
INFO: Run Behavior\BuildLiteBehavior [ RunTime:0.000043s ]
INFO: [ app_init ] --END-- [ RunTime:0.001951s ]
INFO: [ app_begin ] --START--
INFO: Run Behavior\ReadHtmlCacheBehavior [ RunTime:0.001831s ]
INFO: [ app_begin ] --END-- [ RunTime:0.002199s ]

[ 2017-01-11T21:57:44+08:00 ] ::1 /xzb/Public/index.php/Admin/Index/__CSS__/style.css?v=2.2.0
INFO: [ app_init ] --START--
INFO: Run Behavior\BuildLiteBehavior [ RunTime:0.000025s ]
INFO: [ app_init ] --END-- [ RunTime:0.001028s ]
INFO: [ app_begin ] --START--
INFO: Run Behavior\ReadHtmlCacheBehavior [ RunTime:0.001739s ]
INFO: [ app_begin ] --END-- [ RunTime:0.001876s ]

[ 2017-01-11T21:57:45+08:00 ] ::1 /xzb/Public/index.php/Admin/Index/__CSS__/animate.css
INFO: [ app_init ] --START--
INFO: Run Behavior\BuildLiteBehavior [ RunTime:0.000032s ]
INFO: [ app_init ] --END-- [ RunTime:0.001272s ]
INFO: [ app_begin ] --START--
INFO: Run Behavior\ReadHtmlCacheBehavior [ RunTime:0.001732s ]
INFO: [ app_begin ] --END-- [ RunTime:0.001881s ]

[ 2017-01-11T21:57:45+08:00 ] ::1 /xzb/Public/index.php/Admin/Index/__IMG__/logo.png
INFO: [ app_init ] --START--
INFO: Run Behavior\BuildLiteBehavior [ RunTime:0.000029s ]
INFO: [ app_init ] --END-- [ RunTime:0.000890s ]

[ 2017-01-11T21:57:45+08:00 ] ::1 /xzb/Public/index.php/Admin/Index/login.html
INFO: [ app_init ] --START--
INFO: Run Behavior\BuildLiteBehavior [ RunTime:0.000033s ]
INFO: [ app_init ] --END-- [ RunTime:0.001484s ]
INFO: [ app_begin ] --START--
INFO: Run Behavior\ReadHtmlCacheBehavior [ RunTime:0.001639s ]
INFO: [ app_begin ] --END-- [ RunTime:0.001766s ]
INFO: [ view_parse ] --START--
INFO: [ template_filter ] --START--
INFO: Run Behavior\ContentReplaceBehavior [ RunTime:0.000088s ]
INFO: [ template_filter ] --END-- [ RunTime:0.000374s ]
INFO: Run Behavior\ParseTemplateBehavior [ RunTime:0.048137s ]
INFO: [ view_parse ] --END-- [ RunTime:0.048260s ]
INFO: [ view_filter ] --START--
INFO: Run Behavior\WriteHtmlCacheBehavior [ RunTime:0.007010s ]
INFO: [ view_filter ] --END-- [ RunTime:0.007112s ]
INFO: [ app_end ] --START--
INFO: Run Behavior\ShowPageTraceBehavior [ RunTime:0.001370s ]
INFO: [ app_end ] --END-- [ RunTime:0.001475s ]

[ 2017-01-11T21:57:45+08:00 ] ::1 /xzb/Public/index.php/Admin/Index/login.html
INFO: [ app_init ] --START--
INFO: Run Behavior\BuildLiteBehavior [ RunTime:0.000027s ]
INFO: [ app_init ] --END-- [ RunTime:0.000851s ]
INFO: [ app_begin ] --START--
INFO: Run Behavior\ReadHtmlCacheBehavior [ RunTime:0.001233s ]
INFO: [ app_begin ] --END-- [ RunTime:0.001350s ]
INFO: [ view_parse ] --START--
INFO: [ template_filter ] --START--
INFO: Run Behavior\ContentReplaceBehavior [ RunTime:0.000105s ]
INFO: [ template_filter ] --END-- [ RunTime:0.000219s ]
INFO: Run Behavior\ParseTemplateBehavior [ RunTime:0.057661s ]
INFO: [ view_parse ] --END-- [ RunTime:0.057791s ]
INFO: [ view_filter ] --START--
INFO: Run Behavior\WriteHtmlCacheBehavior [ RunTime:0.010664s ]
INFO: [ view_filter ] --END-- [ RunTime:0.010773s ]
INFO: [ app_end ] --START--
INFO: Run Behavior\ShowPageTraceBehavior [ RunTime:0.002025s ]
INFO: [ app_end ] --END-- [ RunTime:0.002132s ]

[ 2017-01-11T21:57:45+08:00 ] ::1 /xzb/Public/index.php/Admin/Index/login.html
INFO: [ app_init ] --START--
INFO: Run Behavior\BuildLiteBehavior [ RunTime:0.000030s ]
INFO: [ app_init ] --END-- [ RunTime:0.000977s ]
INFO: [ app_begin ] --START--
INFO: Run Behavior\ReadHtmlCacheBehavior [ RunTime:0.001252s ]
INFO: [ app_begin ] --END-- [ RunTime:0.001366s ]
INFO: [ view_parse ] --START--
INFO: [ template_filter ] --START--
INFO: Run Behavior\ContentReplaceBehavior [ RunTime:0.000094s ]
INFO: [ template_filter ] --END-- [ RunTime:0.000231s ]
INFO: Run Behavior\ParseTemplateBehavior [ RunTime:0.028489s ]
INFO: [ view_parse ] --END-- [ RunTime:0.028622s ]
INFO: [ view_filter ] --START--
INFO: Run Behavior\WriteHtmlCacheBehavior [ RunTime:0.000860s ]
INFO: [ view_filter ] --END-- [ RunTime:0.000951s ]
INFO: [ app_end ] --START--
INFO: Run Behavior\ShowPageTraceBehavior [ RunTime:0.001132s ]
INFO: [ app_end ] --END-- [ RunTime:0.001555s ]

[ 2017-01-11T21:57:45+08:00 ] ::1 /xzb/Public/index.php/Admin/Index/login.html
INFO: [ app_init ] --START--
INFO: Run Behavior\BuildLiteBehavior [ RunTime:0.000033s ]
INFO: [ app_init ] --END-- [ RunTime:0.001051s ]
INFO: [ app_begin ] --START--
INFO: Run Behavior\ReadHtmlCacheBehavior [ RunTime:0.001140s ]
INFO: [ app_begin ] --END-- [ RunTime:0.001350s ]
INFO: [ view_parse ] --START--
INFO: [ template_filter ] --START--
INFO: Run Behavior\ContentReplaceBehavior [ RunTime:0.000203s ]
INFO: [ template_filter ] --END-- [ RunTime:0.000372s ]
INFO: Run Behavior\ParseTemplateBehavior [ RunTime:0.022582s ]
INFO: [ view_parse ] --END-- [ RunTime:0.022800s ]
INFO: [ view_filter ] --START--
INFO: Run Behavior\WriteHtmlCacheBehavior [ RunTime:0.001311s ]
INFO: [ view_filter ] --END-- [ RunTime:0.001419s ]
INFO: [ app_end ] --START--
INFO: Run Behavior\ShowPageTraceBehavior [ RunTime:0.001830s ]
INFO: [ app_end ] --END-- [ RunTime:0.001957s ]

[ 2017-01-11T21:57:45+08:00 ] ::1 /xzb/Public/index.php/Admin/Index/login.html
INFO: [ app_init ] --START--
INFO: Run Behavior\BuildLiteBehavior [ RunTime:0.000154s ]
INFO: [ app_init ] --END-- [ RunTime:0.001169s ]
INFO: [ app_begin ] --START--
INFO: Run Behavior\ReadHtmlCacheBehavior [ RunTime:0.001088s ]
INFO: [ app_begin ] --END-- [ RunTime:0.001208s ]
INFO: [ view_parse ] --START--
INFO: [ template_filter ] --START--
INFO: Run Behavior\ContentReplaceBehavior [ RunTime:0.000337s ]
INFO: [ template_filter ] --END-- [ RunTime:0.000481s ]
INFO: Run Behavior\ParseTemplateBehavior [ RunTime:0.015283s ]
INFO: [ view_parse ] --END-- [ RunTime:0.015415s ]
INFO: [ view_filter ] --START--
INFO: Run Behavior\WriteHtmlCacheBehavior [ RunTime:0.001113s ]
INFO: [ view_filter ] --END-- [ RunTime:0.001340s ]
INFO: [ app_end ] --START--
INFO: Run Behavior\ShowPageTraceBehavior [ RunTime:0.001492s ]
INFO: [ app_end ] --END-- [ RunTime:0.001586s ]

[ 2017-01-11T21:58:00+08:00 ] ::1 /xzb/Public/index.php/Admin/Index/login.html
INFO: [ app_init ] --START--
INFO: Run Behavior\BuildLiteBehavior [ RunTime:0.000036s ]
INFO: [ app_init ] --END-- [ RunTime:0.001403s ]
INFO: [ app_begin ] --START--
INFO: Run Behavior\ReadHtmlCacheBehavior [ RunTime:0.001384s ]
INFO: [ app_begin ] --END-- [ RunTime:0.001564s ]
SQL: SHOW COLUMNS FROM `admin` [ RunTime:0.0071s ]
SQL: SELECT * FROM `admin` WHERE `username` = 'admin' AND `password` = 'adminzhang' LIMIT 1   [ RunTime:0.0356s ]
NOTIC: [8] Use of undefined constant post - assumed 'post' D:\xampp\htdocs\xzb\Application\Admin\Controller\IndexController.class.php 第 32 行.
SQL: UPDATE `admin` SET `last_login_ip`='post0.0.0.0' WHERE `id` = 1 [ RunTime:0.1027s ]

[ 2017-01-11T21:58:00+08:00 ] ::1 /xzb/Public/index.php/admin/information/index.html
INFO: [ app_init ] --START--
INFO: Run Behavior\BuildLiteBehavior [ RunTime:0.000046s ]
INFO: [ app_init ] --END-- [ RunTime:0.001552s ]
INFO: [ app_begin ] --START--
INFO: Run Behavior\ReadHtmlCacheBehavior [ RunTime:0.001524s ]
INFO: [ app_begin ] --END-- [ RunTime:0.001654s ]
NOTIC: [2048] Declaration of Admin\Controller\InformationController::add() should be compatible with Admin\Common\AdminBaseController::add($table = '') D:\xampp\htdocs\xzb\Application\Admin\Controller\InformationController.class.php 第 4 行.
NOTIC: [2048] Declaration of Admin\Controller\InformationController::edit() should be compatible with Admin\Common\AdminBaseController::edit($table = '', $callback = NULL) D:\xampp\htdocs\xzb\Application\Admin\Controller\InformationController.class.php 第 4 行.
SQL: SHOW COLUMNS FROM `information` [ RunTime:0.0071s ]
NOTIC: [8] Undefined index: page D:\xampp\htdocs\xzb\Application\Admin\Controller\InformationController.class.php 第 11 行.
SQL: SELECT `add_time`,information.id,information_type.name,`nickname`,`title`,`attachment_score`,`views`,`download_num`,`status`,`attachment_type`,`attachment_cost`,`attachment_coin` FROM `information` left join information_type ON information.type2=information_type.id  WHERE ( information.type=0 ) ORDER BY id desc LIMIT 0,10   [ RunTime:0.0260s ]
SQL: SELECT COUNT(*) AS tp_count FROM `information` WHERE ( type=0 ) LIMIT 1   [ RunTime:0.0007s ]
INFO: [ view_parse ] --START--
INFO: [ template_filter ] --START--
INFO: Run Behavior\ContentReplaceBehavior [ RunTime:0.000374s ]
INFO: [ template_filter ] --END-- [ RunTime:0.000515s ]
NOTIC: [8] Undefined index: page D:\xampp\htdocs\xzb\Application\Common\Common\function.php 第 128 行.
INFO: Run Behavior\ParseTemplateBehavior [ RunTime:0.081268s ]
INFO: [ view_parse ] --END-- [ RunTime:0.081455s ]
INFO: [ view_filter ] --START--
INFO: Run Behavior\WriteHtmlCacheBehavior [ RunTime:0.001116s ]
INFO: [ view_filter ] --END-- [ RunTime:0.001248s ]
INFO: [ app_end ] --START--
INFO: Run Behavior\ShowPageTraceBehavior [ RunTime:0.001280s ]
INFO: [ app_end ] --END-- [ RunTime:0.001404s ]

[ 2017-01-11T21:58:00+08:00 ] ::1 /xzb/Public/index.php/admin/information/__CSS__/plugins/morris/morris-0.4.3.min.css
INFO: [ app_init ] --START--
INFO: Run Behavior\BuildLiteBehavior [ RunTime:0.000029s ]
INFO: [ app_init ] --END-- [ RunTime:0.001033s ]
INFO: [ app_begin ] --START--
INFO: Run Behavior\ReadHtmlCacheBehavior [ RunTime:0.010743s ]
INFO: [ app_begin ] --END-- [ RunTime:0.010869s ]
NOTIC: [2048] Declaration of Admin\Controller\InformationController::add() should be compatible with Admin\Common\AdminBaseController::add($table = '') D:\xampp\htdocs\xzb\Application\Admin\Controller\InformationController.class.php 第 4 行.
NOTIC: [2048] Declaration of Admin\Controller\InformationController::edit() should be compatible with Admin\Common\AdminBaseController::edit($table = '', $callback = NULL) D:\xampp\htdocs\xzb\Application\Admin\Controller\InformationController.class.php 第 4 行.
ERR: 非法操作:__CSS__

[ 2017-01-11T21:58:01+08:00 ] ::1 /xzb/Public/index.php/admin/information/__CSS__/bootstrap.min.css?v=3.4.0
INFO: [ app_init ] --START--
INFO: Run Behavior\BuildLiteBehavior [ RunTime:0.000027s ]
INFO: [ app_init ] --END-- [ RunTime:0.000925s ]
INFO: [ app_begin ] --START--
INFO: Run Behavior\ReadHtmlCacheBehavior [ RunTime:0.014588s ]
INFO: [ app_begin ] --END-- [ RunTime:0.014745s ]
NOTIC: [2048] Declaration of Admin\Controller\InformationController::add() should be compatible with Admin\Common\AdminBaseController::add($table = '') D:\xampp\htdocs\xzb\Application\Admin\Controller\InformationController.class.php 第 4 行.
NOTIC: [2048] Declaration of Admin\Controller\InformationController::edit() should be compatible with Admin\Common\AdminBaseController::edit($table = '', $callback = NULL) D:\xampp\htdocs\xzb\Application\Admin\Controller\InformationController.class.php 第 4 行.
ERR: 非法操作:__CSS__

[ 2017-01-11T21:58:01+08:00 ] ::1 /xzb/Public/index.php/admin/information/__JS__/plugins/layer/skin/layer.css
INFO: [ app_init ] --START--
INFO: Run Behavior\BuildLiteBehavior [ RunTime:0.000049s ]
INFO: [ app_init ] --END-- [ RunTime:0.001192s ]
INFO: [ app_begin ] --START--
INFO: Run Behavior\ReadHtmlCacheBehavior [ RunTime:0.002411s ]
INFO: [ app_begin ] --END-- [ RunTime:0.002579s ]
NOTIC: [2048] Declaration of Admin\Controller\InformationController::add() should be compatible with Admin\Common\AdminBaseController::add($table = '') D:\xampp\htdocs\xzb\Application\Admin\Controller\InformationController.class.php 第 4 行.
NOTIC: [2048] Declaration of Admin\Controller\InformationController::edit() should be compatible with Admin\Common\AdminBaseController::edit($table = '', $callback = NULL) D:\xampp\htdocs\xzb\Application\Admin\Controller\InformationController.class.php 第 4 行.
ERR: 非法操作:__JS__

[ 2017-01-11T21:58:01+08:00 ] ::1 /xzb/Public/index.php/admin/information/__CSS__/animate.css
INFO: [ app_init ] --START--
INFO: Run Behavior\BuildLiteBehavior [ RunTime:0.000025s ]
INFO: [ app_init ] --END-- [ RunTime:0.000843s ]
INFO: [ app_begin ] --START--
INFO: Run Behavior\ReadHtmlCacheBehavior [ RunTime:0.030708s ]
INFO: [ app_begin ] --END-- [ RunTime:0.030881s ]
NOTIC: [2048] Declaration of Admin\Controller\InformationController::add() should be compatible with Admin\Common\AdminBaseController::add($table = '') D:\xampp\htdocs\xzb\Application\Admin\Controller\InformationController.class.php 第 4 行.
NOTIC: [2048] Declaration of Admin\Controller\InformationController::edit() should be compatible with Admin\Common\AdminBaseController::edit($table = '', $callback = NULL) D:\xampp\htdocs\xzb\Application\Admin\Controller\InformationController.class.php 第 4 行.
ERR: 非法操作:__CSS__

[ 2017-01-11T21:58:01+08:00 ] ::1 /xzb/Public/index.php/admin/information/__CSS__/style.css?v=2.2.0
INFO: [ app_init ] --START--
INFO: Run Behavior\BuildLiteBehavior [ RunTime:0.000027s ]
INFO: [ app_init ] --END-- [ RunTime:0.001458s ]
INFO: [ app_begin ] --START--
INFO: Run Behavior\ReadHtmlCacheBehavior [ RunTime:0.030838s ]
INFO: [ app_begin ] --END-- [ RunTime:0.031181s ]
NOTIC: [2048] Declaration of Admin\Controller\InformationController::add() should be compatible with Admin\Common\AdminBaseController::add($table = '') D:\xampp\htdocs\xzb\Application\Admin\Controller\InformationController.class.php 第 4 行.
NOTIC: [2048] Declaration of Admin\Controller\InformationController::edit() should be compatible with Admin\Common\AdminBaseController::edit($table = '', $callback = NULL) D:\xampp\htdocs\xzb\Application\Admin\Controller\InformationController.class.php 第 4 行.
ERR: 非法操作:__CSS__

[ 2017-01-11T21:58:01+08:00 ] ::1 /xzb/Public/index.php/admin/information/script/froala/css/froala_editor.min.css
INFO: [ app_init ] --START--
INFO: Run Behavior\BuildLiteBehavior [ RunTime:0.000032s ]
INFO: [ app_init ] --END-- [ RunTime:0.000967s ]
INFO: [ app_begin ] --START--
INFO: Run Behavior\ReadHtmlCacheBehavior [ RunTime:0.001139s ]
INFO: [ app_begin ] --END-- [ RunTime:0.001258s ]
NOTIC: [2048] Declaration of Admin\Controller\InformationController::add() should be compatible with Admin\Common\AdminBaseController::add($table = '') D:\xampp\htdocs\xzb\Application\Admin\Controller\InformationController.class.php 第 4 行.
NOTIC: [2048] Declaration of Admin\Controller\InformationController::edit() should be compatible with Admin\Common\AdminBaseController::edit($table = '', $callback = NULL) D:\xampp\htdocs\xzb\Application\Admin\Controller\InformationController.class.php 第 4 行.
ERR: 非法操作:script

[ 2017-01-11T21:58:01+08:00 ] ::1 /xzb/Public/index.php/admin/information/__JS__/plugins/gritter/jquery.gritter.css
INFO: [ app_init ] --START--
INFO: Run Behavior\BuildLiteBehavior [ RunTime:0.000028s ]
INFO: [ app_init ] --END-- [ RunTime:0.001022s ]
INFO: [ app_begin ] --START--
INFO: Run Behavior\ReadHtmlCacheBehavior [ RunTime:0.004640s ]
INFO: [ app_begin ] --END-- [ RunTime:0.004777s ]
NOTIC: [2048] Declaration of Admin\Controller\InformationController::add() should be compatible with Admin\Common\AdminBaseController::add($table = '') D:\xampp\htdocs\xzb\Application\Admin\Controller\InformationController.class.php 第 4 行.
NOTIC: [2048] Declaration of Admin\Controller\InformationController::edit() should be compatible with Admin\Common\AdminBaseController::edit($table = '', $callback = NULL) D:\xampp\htdocs\xzb\Application\Admin\Controller\InformationController.class.php 第 4 行.
ERR: 非法操作:__JS__

[ 2017-01-11T21:58:01+08:00 ] ::1 /xzb/Public/index.php/admin/information/script/froala/css/font-awesome.min.css
INFO: [ app_init ] --START--
INFO: Run Behavior\BuildLiteBehavior [ RunTime:0.000028s ]
INFO: [ app_init ] --END-- [ RunTime:0.001528s ]
INFO: [ app_begin ] --START--
INFO: Run Behavior\ReadHtmlCacheBehavior [ RunTime:0.006951s ]
INFO: [ app_begin ] --END-- [ RunTime:0.007149s ]
NOTIC: [2048] Declaration of Admin\Controller\InformationController::add() should be compatible with Admin\Common\AdminBaseController::add($table = '') D:\xampp\htdocs\xzb\Application\Admin\Controller\InformationController.class.php 第 4 行.
NOTIC: [2048] Declaration of Admin\Controller\InformationController::edit() should be compatible with Admin\Common\AdminBaseController::edit($table = '', $callback = NULL) D:\xampp\htdocs\xzb\Application\Admin\Controller\InformationController.class.php 第 4 行.
ERR: 非法操作:script

[ 2017-01-11T21:58:01+08:00 ] ::1 /xzb/Public/index.php/admin/information/__JS__/plugins/metisMenu/jquery.metisMenu.js
INFO: [ app_init ] --START--
INFO: Run Behavior\BuildLiteBehavior [ RunTime:0.000024s ]
INFO: [ app_init ] --END-- [ RunTime:0.000927s ]
INFO: [ app_begin ] --START--
INFO: Run Behavior\ReadHtmlCacheBehavior [ RunTime:0.002319s ]
INFO: [ app_begin ] --END-- [ RunTime:0.002461s ]
NOTIC: [2048] Declaration of Admin\Controller\InformationController::add() should be compatible with Admin\Common\AdminBaseController::add($table = '') D:\xampp\htdocs\xzb\Application\Admin\Controller\InformationController.class.php 第 4 行.
NOTIC: [2048] Declaration of Admin\Controller\InformationController::edit() should be compatible with Admin\Common\AdminBaseController::edit($table = '', $callback = NULL) D:\xampp\htdocs\xzb\Application\Admin\Controller\InformationController.class.php 第 4 行.
ERR: 非法操作:__JS__

[ 2017-01-11T21:58:01+08:00 ] ::1 /xzb/Public/index.php/admin/information/__JS__/hplus.js?v=2.2.0
INFO: [ app_init ] --START--
INFO: Run Behavior\BuildLiteBehavior [ RunTime:0.000031s ]
INFO: [ app_init ] --END-- [ RunTime:0.000915s ]
INFO: [ app_begin ] --START--
INFO: Run Behavior\ReadHtmlCacheBehavior [ RunTime:0.001082s ]
INFO: [ app_begin ] --END-- [ RunTime:0.001199s ]
NOTIC: [2048] Declaration of Admin\Controller\InformationController::add() should be compatible with Admin\Common\AdminBaseController::add($table = '') D:\xampp\htdocs\xzb\Application\Admin\Controller\InformationController.class.php 第 4 行.
NOTIC: [2048] Declaration of Admin\Controller\InformationController::edit() should be compatible with Admin\Common\AdminBaseController::edit($table = '', $callback = NULL) D:\xampp\htdocs\xzb\Application\Admin\Controller\InformationController.class.php 第 4 行.
ERR: 非法操作:__JS__

[ 2017-01-11T21:58:01+08:00 ] ::1 /xzb/Public/index.php/admin/information/__JS__/bootstrap.min.js?v=3.4.0
INFO: [ app_init ] --START--
INFO: Run Behavior\BuildLiteBehavior [ RunTime:0.000029s ]
INFO: [ app_init ] --END-- [ RunTime:0.006519s ]
INFO: [ app_begin ] --START--
INFO: Run Behavior\ReadHtmlCacheBehavior [ RunTime:0.009547s ]
INFO: [ app_begin ] --END-- [ RunTime:0.009681s ]
NOTIC: [2048] Declaration of Admin\Controller\InformationController::add() should be compatible with Admin\Common\AdminBaseController::add($table = '') D:\xampp\htdocs\xzb\Application\Admin\Controller\InformationController.class.php 第 4 行.
NOTIC: [2048] Declaration of Admin\Controller\InformationController::edit() should be compatible with Admin\Common\AdminBaseController::edit($table = '', $callback = NULL) D:\xampp\htdocs\xzb\Application\Admin\Controller\InformationController.class.php 第 4 行.
ERR: 非法操作:__JS__

[ 2017-01-11T21:58:01+08:00 ] ::1 /xzb/Public/index.php/admin/information/__JS__/plugins/slimscroll/jquery.slimscroll.min.js
INFO: [ app_init ] --START--
INFO: Run Behavior\BuildLiteBehavior [ RunTime:0.000034s ]
INFO: [ app_init ] --END-- [ RunTime:0.004867s ]
INFO: [ app_begin ] --START--
INFO: Run Behavior\ReadHtmlCacheBehavior [ RunTime:0.006959s ]
INFO: [ app_begin ] --END-- [ RunTime:0.007090s ]
NOTIC: [2048] Declaration of Admin\Controller\InformationController::add() should be compatible with Admin\Common\AdminBaseController::add($table = '') D:\xampp\htdocs\xzb\Application\Admin\Controller\InformationController.class.php 第 4 行.
NOTIC: [2048] Declaration of Admin\Controller\InformationController::edit() should be compatible with Admin\Common\AdminBaseController::edit($table = '', $callback = NULL) D:\xampp\htdocs\xzb\Application\Admin\Controller\InformationController.class.php 第 4 行.
ERR: 非法操作:__JS__

[ 2017-01-11T21:58:01+08:00 ] ::1 /xzb/Public/index.php/admin/information/__JS__/plugins/layer-v2.1/layer/extend/layer.ext.js
INFO: [ app_init ] --START--
INFO: Run Behavior\BuildLiteBehavior [ RunTime:0.000025s ]
INFO: [ app_init ] --END-- [ RunTime:0.000823s ]
INFO: [ app_begin ] --START--
INFO: Run Behavior\ReadHtmlCacheBehavior [ RunTime:0.025022s ]
INFO: [ app_begin ] --END-- [ RunTime:0.025177s ]
NOTIC: [2048] Declaration of Admin\Controller\InformationController::add() should be compatible with Admin\Common\AdminBaseController::add($table = '') D:\xampp\htdocs\xzb\Application\Admin\Controller\InformationController.class.php 第 4 行.
NOTIC: [2048] Declaration of Admin\Controller\InformationController::edit() should be compatible with Admin\Common\AdminBaseController::edit($table = '', $callback = NULL) D:\xampp\htdocs\xzb\Application\Admin\Controller\InformationController.class.php 第 4 行.
ERR: 非法操作:__JS__

[ 2017-01-11T21:58:01+08:00 ] ::1 /xzb/Public/index.php/admin/information/__JS__/plugins/layer-v2.1/layer/layer.js
INFO: [ app_init ] --START--
INFO: Run Behavior\BuildLiteBehavior [ RunTime:0.000054s ]
INFO: [ app_init ] --END-- [ RunTime:0.006975s ]
INFO: [ app_begin ] --START--
INFO: Run Behavior\ReadHtmlCacheBehavior [ RunTime:0.020827s ]
INFO: [ app_begin ] --END-- [ RunTime:0.020985s ]
NOTIC: [2048] Declaration of Admin\Controller\InformationController::add() should be compatible with Admin\Common\AdminBaseController::add($table = '') D:\xampp\htdocs\xzb\Application\Admin\Controller\InformationController.class.php 第 4 行.
NOTIC: [2048] Declaration of Admin\Controller\InformationController::edit() should be compatible with Admin\Common\AdminBaseController::edit($table = '', $callback = NULL) D:\xampp\htdocs\xzb\Application\Admin\Controller\InformationController.class.php 第 4 行.
ERR: 非法操作:__JS__

[ 2017-01-11T21:58:01+08:00 ] ::1 /xzb/Public/index.php/admin/information/__JS__/jquery-2.1.1.min.js
INFO: [ app_init ] --START--
INFO: Run Behavior\BuildLiteBehavior [ RunTime:0.000135s ]
INFO: [ app_init ] --END-- [ RunTime:0.015426s ]
INFO: [ app_begin ] --START--
INFO: Run Behavior\ReadHtmlCacheBehavior [ RunTime:0.009826s ]
INFO: [ app_begin ] --END-- [ RunTime:0.009954s ]
NOTIC: [2048] Declaration of Admin\Controller\InformationController::add() should be compatible with Admin\Common\AdminBaseController::add($table = '') D:\xampp\htdocs\xzb\Application\Admin\Controller\InformationController.class.php 第 4 行.
NOTIC: [2048] Declaration of Admin\Controller\InformationController::edit() should be compatible with Admin\Common\AdminBaseController::edit($table = '', $callback = NULL) D:\xampp\htdocs\xzb\Application\Admin\Controller\InformationController.class.php 第 4 行.
ERR: 非法操作:__JS__

[ 2017-01-11T21:58:01+08:00 ] ::1 /xzb/Public/index.php/admin/information/__JS__/plugins/toastr/toastr.min.js
INFO: [ app_init ] --START--
INFO: Run Behavior\BuildLiteBehavior [ RunTime:0.000052s ]
INFO: [ app_init ] --END-- [ RunTime:0.002272s ]
INFO: [ app_begin ] --START--
INFO: Run Behavior\ReadHtmlCacheBehavior [ RunTime:0.001111s ]
INFO: [ app_begin ] --END-- [ RunTime:0.001244s ]
NOTIC: [2048] Declaration of Admin\Controller\InformationController::add() should be compatible with Admin\Common\AdminBaseController::add($table = '') D:\xampp\htdocs\xzb\Application\Admin\Controller\InformationController.class.php 第 4 行.
NOTIC: [2048] Declaration of Admin\Controller\InformationController::edit() should be compatible with Admin\Common\AdminBaseController::edit($table = '', $callback = NULL) D:\xampp\htdocs\xzb\Application\Admin\Controller\InformationController.class.php 第 4 行.
ERR: 非法操作:__JS__

[ 2017-01-11T21:58:01+08:00 ] ::1 /xzb/Public/index.php/admin/information/__IMG__/favicon.ico
INFO: [ app_init ] --START--
INFO: Run Behavior\BuildLiteBehavior [ RunTime:0.000028s ]
INFO: [ app_init ] --END-- [ RunTime:0.001047s ]

[ 2017-01-11T21:58:01+08:00 ] ::1 /xzb/Public/index.php/admin/information/__JS__/plugins/metisMenu/jquery.metisMenu.js
INFO: [ app_init ] --START--
INFO: Run Behavior\BuildLiteBehavior [ RunTime:0.000026s ]
INFO: [ app_init ] --END-- [ RunTime:0.006965s ]
INFO: [ app_begin ] --START--
INFO: Run Behavior\ReadHtmlCacheBehavior [ RunTime:0.002248s ]
INFO: [ app_begin ] --END-- [ RunTime:0.002473s ]
NOTIC: [2048] Declaration of Admin\Controller\InformationController::add() should be compatible with Admin\Common\AdminBaseController::add($table = '') D:\xampp\htdocs\xzb\Application\Admin\Controller\InformationController.class.php 第 4 行.
NOTIC: [2048] Declaration of Admin\Controller\InformationController::edit() should be compatible with Admin\Common\AdminBaseController::edit($table = '', $callback = NULL) D:\xampp\htdocs\xzb\Application\Admin\Controller\InformationController.class.php 第 4 行.
ERR: 非法操作:__JS__

[ 2017-01-11T21:58:01+08:00 ] ::1 /xzb/Public/index.php/admin/information/__JS__/plugins/layer/laydate/laydate.js
INFO: [ app_init ] --START--
INFO: Run Behavior\BuildLiteBehavior [ RunTime:0.000051s ]
INFO: [ app_init ] --END-- [ RunTime:0.001103s ]
INFO: [ app_begin ] --START--
INFO: Run Behavior\ReadHtmlCacheBehavior [ RunTime:0.041762s ]
INFO: [ app_begin ] --END-- [ RunTime:0.042088s ]
NOTIC: [2048] Declaration of Admin\Controller\InformationController::add() should be compatible with Admin\Common\AdminBaseController::add($table = '') D:\xampp\htdocs\xzb\Application\Admin\Controller\InformationController.class.php 第 4 行.
NOTIC: [2048] Declaration of Admin\Controller\InformationController::edit() should be compatible with Admin\Common\AdminBaseController::edit($table = '', $callback = NULL) D:\xampp\htdocs\xzb\Application\Admin\Controller\InformationController.class.php 第 4 行.
ERR: 非法操作:__JS__

[ 2017-01-11T21:58:01+08:00 ] ::1 /xzb/Public/index.php/admin/information/__JS__/plugins/pace/pace.min.js
INFO: [ app_init ] --START--
INFO: Run Behavior\BuildLiteBehavior [ RunTime:0.000038s ]
INFO: [ app_init ] --END-- [ RunTime:0.013979s ]
INFO: [ app_begin ] --START--
INFO: Run Behavior\ReadHtmlCacheBehavior [ RunTime:0.024425s ]
INFO: [ app_begin ] --END-- [ RunTime:0.024571s ]
NOTIC: [2048] Declaration of Admin\Controller\InformationController::add() should be compatible with Admin\Common\AdminBaseController::add($table = '') D:\xampp\htdocs\xzb\Application\Admin\Controller\InformationController.class.php 第 4 行.
NOTIC: [2048] Declaration of Admin\Controller\InformationController::edit() should be compatible with Admin\Common\AdminBaseController::edit($table = '', $callback = NULL) D:\xampp\htdocs\xzb\Application\Admin\Controller\InformationController.class.php 第 4 行.
ERR: 非法操作:__JS__

[ 2017-01-11T21:58:01+08:00 ] ::1 /xzb/Public/index.php/admin/information/__JS__/plugins/slimscroll/jquery.slimscroll.min.js
INFO: [ app_init ] --START--
INFO: Run Behavior\BuildLiteBehavior [ RunTime:0.000027s ]
INFO: [ app_init ] --END-- [ RunTime:0.001045s ]
INFO: [ app_begin ] --START--
INFO: Run Behavior\ReadHtmlCacheBehavior [ RunTime:0.001581s ]
INFO: [ app_begin ] --END-- [ RunTime:0.001725s ]
NOTIC: [2048] Declaration of Admin\Controller\InformationController::add() should be compatible with Admin\Common\AdminBaseController::add($table = '') D:\xampp\htdocs\xzb\Application\Admin\Controller\InformationController.class.php 第 4 行.
NOTIC: [2048] Declaration of Admin\Controller\InformationController::edit() should be compatible with Admin\Common\AdminBaseController::edit($table = '', $callback = NULL) D:\xampp\htdocs\xzb\Application\Admin\Controller\InformationController.class.php 第 4 行.
ERR: 非法操作:__JS__

[ 2017-01-11T21:58:01+08:00 ] ::1 /xzb/Public/index.php/admin/information/__JS__/hplus.js?v=2.2.0
INFO: [ app_init ] --START--
INFO: Run Behavior\BuildLiteBehavior [ RunTime:0.000045s ]
INFO: [ app_init ] --END-- [ RunTime:0.001433s ]
INFO: [ app_begin ] --START--
INFO: Run Behavior\ReadHtmlCacheBehavior [ RunTime:0.001434s ]
INFO: [ app_begin ] --END-- [ RunTime:0.001621s ]
NOTIC: [2048] Declaration of Admin\Controller\InformationController::add() should be compatible with Admin\Common\AdminBaseController::add($table = '') D:\xampp\htdocs\xzb\Application\Admin\Controller\InformationController.class.php 第 4 行.
NOTIC: [2048] Declaration of Admin\Controller\InformationController::edit() should be compatible with Admin\Common\AdminBaseController::edit($table = '', $callback = NULL) D:\xampp\htdocs\xzb\Application\Admin\Controller\InformationController.class.php 第 4 行.
ERR: 非法操作:__JS__

[ 2017-01-11T21:58:02+08:00 ] ::1 /xzb/Public/index.php/admin/information/__JS__/plugins/pace/pace.min.js
INFO: [ app_init ] --START--
INFO: Run Behavior\BuildLiteBehavior [ RunTime:0.000032s ]
INFO: [ app_init ] --END-- [ RunTime:0.000977s ]
INFO: [ app_begin ] --START--
INFO: Run Behavior\ReadHtmlCacheBehavior [ RunTime:0.001356s ]
INFO: [ app_begin ] --END-- [ RunTime:0.001496s ]
NOTIC: [2048] Declaration of Admin\Controller\InformationController::add() should be compatible with Admin\Common\AdminBaseController::add($table = '') D:\xampp\htdocs\xzb\Application\Admin\Controller\InformationController.class.php 第 4 行.
NOTIC: [2048] Declaration of Admin\Controller\InformationController::edit() should be compatible with Admin\Common\AdminBaseController::edit($table = '', $callback = NULL) D:\xampp\htdocs\xzb\Application\Admin\Controller\InformationController.class.php 第 4 行.
ERR: 非法操作:__JS__

[ 2017-01-11T21:58:02+08:00 ] ::1 /xzb/Public/index.php/admin/information/__JS__/plugins/layer-v2.1/layer/layer.js
INFO: [ app_init ] --START--
INFO: Run Behavior\BuildLiteBehavior [ RunTime:0.000051s ]
INFO: [ app_init ] --END-- [ RunTime:0.001113s ]
INFO: [ app_begin ] --START--
INFO: Run Behavior\ReadHtmlCacheBehavior [ RunTime:0.001190s ]
INFO: [ app_begin ] --END-- [ RunTime:0.001306s ]
NOTIC: [2048] Declaration of Admin\Controller\InformationController::add() should be compatible with Admin\Common\AdminBaseController::add($table = '') D:\xampp\htdocs\xzb\Application\Admin\Controller\InformationController.class.php 第 4 行.
NOTIC: [2048] Declaration of Admin\Controller\InformationController::edit() should be compatible with Admin\Common\AdminBaseController::edit($table = '', $callback = NULL) D:\xampp\htdocs\xzb\Application\Admin\Controller\InformationController.class.php 第 4 行.
ERR: 非法操作:__JS__

[ 2017-01-11T21:58:02+08:00 ] ::1 /xzb/Public/index.php/admin/information/__JS__/plugins/layer-v2.1/layer/extend/layer.ext.js
INFO: [ app_init ] --START--
INFO: Run Behavior\BuildLiteBehavior [ RunTime:0.000034s ]
INFO: [ app_init ] --END-- [ RunTime:0.001446s ]
INFO: [ app_begin ] --START--
INFO: Run Behavior\ReadHtmlCacheBehavior [ RunTime:0.001143s ]
INFO: [ app_begin ] --END-- [ RunTime:0.001265s ]
NOTIC: [2048] Declaration of Admin\Controller\InformationController::add() should be compatible with Admin\Common\AdminBaseController::add($table = '') D:\xampp\htdocs\xzb\Application\Admin\Controller\InformationController.class.php 第 4 行.
NOTIC: [2048] Declaration of Admin\Controller\InformationController::edit() should be compatible with Admin\Common\AdminBaseController::edit($table = '', $callback = NULL) D:\xampp\htdocs\xzb\Application\Admin\Controller\InformationController.class.php 第 4 行.
ERR: 非法操作:__JS__

[ 2017-01-11T21:58:02+08:00 ] ::1 /xzb/Public/index.php/admin/information/__JS__/plugins/layer/laydate/laydate.js
INFO: [ app_init ] --START--
INFO: Run Behavior\BuildLiteBehavior [ RunTime:0.000069s ]
INFO: [ app_init ] --END-- [ RunTime:0.002007s ]
INFO: [ app_begin ] --START--
INFO: Run Behavior\ReadHtmlCacheBehavior [ RunTime:0.002032s ]
INFO: [ app_begin ] --END-- [ RunTime:0.002247s ]
NOTIC: [2048] Declaration of Admin\Controller\InformationController::add() should be compatible with Admin\Common\AdminBaseController::add($table = '') D:\xampp\htdocs\xzb\Application\Admin\Controller\InformationController.class.php 第 4 行.
NOTIC: [2048] Declaration of Admin\Controller\InformationController::edit() should be compatible with Admin\Common\AdminBaseController::edit($table = '', $callback = NULL) D:\xampp\htdocs\xzb\Application\Admin\Controller\InformationController.class.php 第 4 行.
ERR: 非法操作:__JS__

[ 2017-01-11T21:58:02+08:00 ] ::1 /xzb/Public/index.php/admin/information/__JS__/plugins/toastr/toastr.min.js
INFO: [ app_init ] --START--
INFO: Run Behavior\BuildLiteBehavior [ RunTime:0.000029s ]
INFO: [ app_init ] --END-- [ RunTime:0.000790s ]
INFO: [ app_begin ] --START--
INFO: Run Behavior\ReadHtmlCacheBehavior [ RunTime:0.001110s ]
INFO: [ app_begin ] --END-- [ RunTime:0.001222s ]
NOTIC: [2048] Declaration of Admin\Controller\InformationController::add() should be compatible with Admin\Common\AdminBaseController::add($table = '') D:\xampp\htdocs\xzb\Application\Admin\Controller\InformationController.class.php 第 4 行.
NOTIC: [2048] Declaration of Admin\Controller\InformationController::edit() should be compatible with Admin\Common\AdminBaseController::edit($table = '', $callback = NULL) D:\xampp\htdocs\xzb\Application\Admin\Controller\InformationController.class.php 第 4 行.
ERR: 非法操作:__JS__

[ 2017-01-11T21:58:12+08:00 ] ::1 /xzb/Public/index.php/admin/Information/edit/id/50/type/0.html
INFO: [ app_init ] --START--
INFO: Run Behavior\BuildLiteBehavior [ RunTime:0.000027s ]
INFO: [ app_init ] --END-- [ RunTime:0.001210s ]
INFO: [ app_begin ] --START--
INFO: Run Behavior\ReadHtmlCacheBehavior [ RunTime:0.001178s ]
INFO: [ app_begin ] --END-- [ RunTime:0.001300s ]
NOTIC: [2048] Declaration of Admin\Controller\InformationController::add() should be compatible with Admin\Common\AdminBaseController::add($table = '') D:\xampp\htdocs\xzb\Application\Admin\Controller\InformationController.class.php 第 4 行.
NOTIC: [2048] Declaration of Admin\Controller\InformationController::edit() should be compatible with Admin\Common\AdminBaseController::edit($table = '', $callback = NULL) D:\xampp\htdocs\xzb\Application\Admin\Controller\InformationController.class.php 第 4 行.
SQL: SHOW COLUMNS FROM `information_type` [ RunTime:0.0064s ]
SQL: SELECT * FROM `information_type` WHERE ( type=0 )  [ RunTime:0.0006s ]
SQL: SHOW COLUMNS FROM `information` [ RunTime:0.0067s ]
SQL: SELECT * FROM `information` WHERE `id` = 50 LIMIT 1   [ RunTime:0.0009s ]
INFO: [ view_parse ] --START--
INFO: [ template_filter ] --START--
INFO: Run Behavior\ContentReplaceBehavior [ RunTime:0.000316s ]
INFO: [ template_filter ] --END-- [ RunTime:0.000418s ]
NOTIC: [8] Use of undefined constant id - assumed 'id' D:\xampp\htdocs\xzb\Application\Runtime\Cache\Admin\c0e00a34c638a55b0df5f46acb2a8cd2.php 第 145 行.
NOTIC: [8] Use of undefined constant id - assumed 'id' D:\xampp\htdocs\xzb\Application\Runtime\Cache\Admin\c0e00a34c638a55b0df5f46acb2a8cd2.php 第 145 行.
NOTIC: [8] Use of undefined constant id - assumed 'id' D:\xampp\htdocs\xzb\Application\Runtime\Cache\Admin\c0e00a34c638a55b0df5f46acb2a8cd2.php 第 145 行.
NOTIC: [8] Use of undefined constant id - assumed 'id' D:\xampp\htdocs\xzb\Application\Runtime\Cache\Admin\c0e00a34c638a55b0df5f46acb2a8cd2.php 第 145 行.
NOTIC: [8] Use of undefined constant id - assumed 'id' D:\xampp\htdocs\xzb\Application\Runtime\Cache\Admin\c0e00a34c638a55b0df5f46acb2a8cd2.php 第 145 行.
NOTIC: [8] Use of undefined constant id - assumed 'id' D:\xampp\htdocs\xzb\Application\Runtime\Cache\Admin\c0e00a34c638a55b0df5f46acb2a8cd2.php 第 145 行.
NOTIC: [8] Use of undefined constant id - assumed 'id' D:\xampp\htdocs\xzb\Application\Runtime\Cache\Admin\c0e00a34c638a55b0df5f46acb2a8cd2.php 第 145 行.
NOTIC: [8] Use of undefined constant id - assumed 'id' D:\xampp\htdocs\xzb\Application\Runtime\Cache\Admin\c0e00a34c638a55b0df5f46acb2a8cd2.php 第 145 行.
NOTIC: [8] Use of undefined constant id - assumed 'id' D:\xampp\htdocs\xzb\Application\Runtime\Cache\Admin\c0e00a34c638a55b0df5f46acb2a8cd2.php 第 145 行.
NOTIC: [8] Use of undefined constant id - assumed 'id' D:\xampp\htdocs\xzb\Application\Runtime\Cache\Admin\c0e00a34c638a55b0df5f46acb2a8cd2.php 第 145 行.
NOTIC: [8] Undefined offset: 1 D:\xampp\htdocs\xzb\Application\Runtime\Cache\Admin\c0e00a34c638a55b0df5f46acb2a8cd2.php 第 148 行.
NOTIC: [8] Undefined offset: 2 D:\xampp\htdocs\xzb\Application\Runtime\Cache\Admin\c0e00a34c638a55b0df5f46acb2a8cd2.php 第 148 行.
NOTIC: [8] Undefined offset: 3 D:\xampp\htdocs\xzb\Application\Runtime\Cache\Admin\c0e00a34c638a55b0df5f46acb2a8cd2.php 第 148 行.
INFO: Run Behavior\ParseTemplateBehavior [ RunTime:0.094394s ]
INFO: [ view_parse ] --END-- [ RunTime:0.094511s ]
INFO: [ view_filter ] --START--
INFO: Run Behavior\WriteHtmlCacheBehavior [ RunTime:0.000818s ]
INFO: [ view_filter ] --END-- [ RunTime:0.000914s ]
INFO: [ app_end ] --START--
INFO: Run Behavior\ShowPageTraceBehavior [ RunTime:0.002548s ]
INFO: [ app_end ] --END-- [ RunTime:0.002675s ]

[ 2017-01-11T21:58:17+08:00 ] ::1 /xzb/Public/index.php/admin/Information/edit/id/50/type/__CSS__/bootstrap.min.css?v=3.4.0
INFO: [ app_init ] --START--
INFO: Run Behavior\BuildLiteBehavior [ RunTime:0.000027s ]
INFO: [ app_init ] --END-- [ RunTime:0.000864s ]
INFO: [ app_begin ] --START--
INFO: Run Behavior\ReadHtmlCacheBehavior [ RunTime:0.008928s ]
INFO: [ app_begin ] --END-- [ RunTime:0.009057s ]
NOTIC: [2048] Declaration of Admin\Controller\InformationController::add() should be compatible with Admin\Common\AdminBaseController::add($table = '') D:\xampp\htdocs\xzb\Application\Admin\Controller\InformationController.class.php 第 4 行.
NOTIC: [2048] Declaration of Admin\Controller\InformationController::edit() should be compatible with Admin\Common\AdminBaseController::edit($table = '', $callback = NULL) D:\xampp\htdocs\xzb\Application\Admin\Controller\InformationController.class.php 第 4 行.
SQL: SHOW COLUMNS FROM `information_type` [ RunTime:0.0419s ]
ERR: 1054:Unknown column '__CSS__' in 'where clause'
 [ SQL语句 ] : SELECT * FROM `information_type` WHERE ( type=__CSS__ ) 
ERR: 1054:Unknown column '__CSS__' in 'where clause'
 [ SQL语句 ] : SELECT * FROM `information_type` WHERE ( type=__CSS__ ) 

[ 2017-01-11T21:58:17+08:00 ] ::1 /xzb/Public/index.php/admin/Information/edit/id/50/type/__CSS__/animate.css
INFO: [ app_init ] --START--
INFO: Run Behavior\BuildLiteBehavior [ RunTime:0.000024s ]
INFO: [ app_init ] --END-- [ RunTime:0.000922s ]
INFO: [ app_begin ] --START--
INFO: Run Behavior\ReadHtmlCacheBehavior [ RunTime:0.002450s ]
INFO: [ app_begin ] --END-- [ RunTime:0.002581s ]
NOTIC: [2048] Declaration of Admin\Controller\InformationController::add() should be compatible with Admin\Common\AdminBaseController::add($table = '') D:\xampp\htdocs\xzb\Application\Admin\Controller\InformationController.class.php 第 4 行.
NOTIC: [2048] Declaration of Admin\Controller\InformationController::edit() should be compatible with Admin\Common\AdminBaseController::edit($table = '', $callback = NULL) D:\xampp\htdocs\xzb\Application\Admin\Controller\InformationController.class.php 第 4 行.
SQL: SHOW COLUMNS FROM `information_type` [ RunTime:0.0074s ]
ERR: 1054:Unknown column '__CSS__' in 'where clause'
 [ SQL语句 ] : SELECT * FROM `information_type` WHERE ( type=__CSS__ ) 
ERR: 1054:Unknown column '__CSS__' in 'where clause'
 [ SQL语句 ] : SELECT * FROM `information_type` WHERE ( type=__CSS__ ) 

[ 2017-01-11T21:58:17+08:00 ] ::1 /xzb/Public/index.php/admin/Information/edit/id/50/type/__CSS__/style.css?v=2.2.0
INFO: [ app_init ] --START--
INFO: Run Behavior\BuildLiteBehavior [ RunTime:0.000037s ]
INFO: [ app_init ] --END-- [ RunTime:0.001176s ]
INFO: [ app_begin ] --START--
INFO: Run Behavior\ReadHtmlCacheBehavior [ RunTime:0.001494s ]
INFO: [ app_begin ] --END-- [ RunTime:0.001619s ]
NOTIC: [2048] Declaration of Admin\Controller\InformationController::add() should be compatible with Admin\Common\AdminBaseController::add($table = '') D:\xampp\htdocs\xzb\Application\Admin\Controller\InformationController.class.php 第 4 行.
NOTIC: [2048] Declaration of Admin\Controller\InformationController::edit() should be compatible with Admin\Common\AdminBaseController::edit($table = '', $callback = NULL) D:\xampp\htdocs\xzb\Application\Admin\Controller\InformationController.class.php 第 4 行.
SQL: SHOW COLUMNS FROM `information_type` [ RunTime:0.0064s ]
ERR: 1054:Unknown column '__CSS__' in 'where clause'
 [ SQL语句 ] : SELECT * FROM `information_type` WHERE ( type=__CSS__ ) 
ERR: 1054:Unknown column '__CSS__' in 'where clause'
 [ SQL语句 ] : SELECT * FROM `information_type` WHERE ( type=__CSS__ ) 

[ 2017-01-11T21:58:18+08:00 ] ::1 /xzb/Public/index.php/admin/Information/edit/id/50/type/__CSS__/plugins/morris/morris-0.4.3.min.css
INFO: [ app_init ] --START--
INFO: Run Behavior\BuildLiteBehavior [ RunTime:0.000028s ]
INFO: [ app_init ] --END-- [ RunTime:0.002006s ]
INFO: [ app_begin ] --START--
INFO: Run Behavior\ReadHtmlCacheBehavior [ RunTime:0.010622s ]
INFO: [ app_begin ] --END-- [ RunTime:0.010760s ]
NOTIC: [2048] Declaration of Admin\Controller\InformationController::add() should be compatible with Admin\Common\AdminBaseController::add($table = '') D:\xampp\htdocs\xzb\Application\Admin\Controller\InformationController.class.php 第 4 行.
NOTIC: [2048] Declaration of Admin\Controller\InformationController::edit() should be compatible with Admin\Common\AdminBaseController::edit($table = '', $callback = NULL) D:\xampp\htdocs\xzb\Application\Admin\Controller\InformationController.class.php 第 4 行.
SQL: SHOW COLUMNS FROM `information_type` [ RunTime:0.0060s ]
ERR: 1054:Unknown column '__CSS__' in 'where clause'
 [ SQL语句 ] : SELECT * FROM `information_type` WHERE ( type=__CSS__ ) 
ERR: 1054:Unknown column '__CSS__' in 'where clause'
 [ SQL语句 ] : SELECT * FROM `information_type` WHERE ( type=__CSS__ ) 

[ 2017-01-11T21:58:18+08:00 ] ::1 /xzb/Public/index.php/admin/Information/edit/id/50/type/script/froala/css/font-awesome.min.css
INFO: [ app_init ] --START--
INFO: Run Behavior\BuildLiteBehavior [ RunTime:0.000034s ]
INFO: [ app_init ] --END-- [ RunTime:0.001086s ]
INFO: [ app_begin ] --START--
INFO: Run Behavior\ReadHtmlCacheBehavior [ RunTime:0.001646s ]
INFO: [ app_begin ] --END-- [ RunTime:0.001971s ]
NOTIC: [2048] Declaration of Admin\Controller\InformationController::add() should be compatible with Admin\Common\AdminBaseController::add($table = '') D:\xampp\htdocs\xzb\Application\Admin\Controller\InformationController.class.php 第 4 行.
NOTIC: [2048] Declaration of Admin\Controller\InformationController::edit() should be compatible with Admin\Common\AdminBaseController::edit($table = '', $callback = NULL) D:\xampp\htdocs\xzb\Application\Admin\Controller\InformationController.class.php 第 4 行.
SQL: SHOW COLUMNS FROM `information_type` [ RunTime:0.0065s ]
ERR: 1054:Unknown column 'script' in 'where clause'
 [ SQL语句 ] : SELECT * FROM `information_type` WHERE ( type=script ) 
ERR: 1054:Unknown column 'script' in 'where clause'
 [ SQL语句 ] : SELECT * FROM `information_type` WHERE ( type=script ) 

[ 2017-01-11T21:58:18+08:00 ] ::1 /xzb/Public/index.php/admin/Information/edit/id/50/type/__JS__/plugins/layer/skin/layer.css
INFO: [ app_init ] --START--
INFO: Run Behavior\BuildLiteBehavior [ RunTime:0.000026s ]
INFO: [ app_init ] --END-- [ RunTime:0.000918s ]
INFO: [ app_begin ] --START--
INFO: Run Behavior\ReadHtmlCacheBehavior [ RunTime:0.015324s ]
INFO: [ app_begin ] --END-- [ RunTime:0.015452s ]
NOTIC: [2048] Declaration of Admin\Controller\InformationController::add() should be compatible with Admin\Common\AdminBaseController::add($table = '') D:\xampp\htdocs\xzb\Application\Admin\Controller\InformationController.class.php 第 4 行.
NOTIC: [2048] Declaration of Admin\Controller\InformationController::edit() should be compatible with Admin\Common\AdminBaseController::edit($table = '', $callback = NULL) D:\xampp\htdocs\xzb\Application\Admin\Controller\InformationController.class.php 第 4 行.
SQL: SHOW COLUMNS FROM `information_type` [ RunTime:0.0061s ]
ERR: 1054:Unknown column '__JS__' in 'where clause'
 [ SQL语句 ] : SELECT * FROM `information_type` WHERE ( type=__JS__ ) 
ERR: 1054:Unknown column '__JS__' in 'where clause'
 [ SQL语句 ] : SELECT * FROM `information_type` WHERE ( type=__JS__ ) 

[ 2017-01-11T21:58:18+08:00 ] ::1 /xzb/Public/index.php/admin/Information/edit/id/50/type/script/froala/css/froala_editor.min.css
INFO: [ app_init ] --START--
INFO: Run Behavior\BuildLiteBehavior [ RunTime:0.000030s ]
INFO: [ app_init ] --END-- [ RunTime:0.001077s ]
INFO: [ app_begin ] --START--
INFO: Run Behavior\ReadHtmlCacheBehavior [ RunTime:0.001449s ]
INFO: [ app_begin ] --END-- [ RunTime:0.001567s ]
NOTIC: [2048] Declaration of Admin\Controller\InformationController::add() should be compatible with Admin\Common\AdminBaseController::add($table = '') D:\xampp\htdocs\xzb\Application\Admin\Controller\InformationController.class.php 第 4 行.
NOTIC: [2048] Declaration of Admin\Controller\InformationController::edit() should be compatible with Admin\Common\AdminBaseController::edit($table = '', $callback = NULL) D:\xampp\htdocs\xzb\Application\Admin\Controller\InformationController.class.php 第 4 行.
SQL: SHOW COLUMNS FROM `information_type` [ RunTime:0.0059s ]
ERR: 1054:Unknown column 'script' in 'where clause'
 [ SQL语句 ] : SELECT * FROM `information_type` WHERE ( type=script ) 
ERR: 1054:Unknown column 'script' in 'where clause'
 [ SQL语句 ] : SELECT * FROM `information_type` WHERE ( type=script ) 

[ 2017-01-11T21:58:18+08:00 ] ::1 /xzb/Public/index.php/admin/Information/edit/id/50/type/__JS__/jquery-2.1.1.min.js
INFO: [ app_init ] --START--
INFO: Run Behavior\BuildLiteBehavior [ RunTime:0.000026s ]
INFO: [ app_init ] --END-- [ RunTime:0.001487s ]
INFO: [ app_begin ] --START--
INFO: Run Behavior\ReadHtmlCacheBehavior [ RunTime:0.002224s ]
INFO: [ app_begin ] --END-- [ RunTime:0.002374s ]
NOTIC: [2048] Declaration of Admin\Controller\InformationController::add() should be compatible with Admin\Common\AdminBaseController::add($table = '') D:\xampp\htdocs\xzb\Application\Admin\Controller\InformationController.class.php 第 4 行.
NOTIC: [2048] Declaration of Admin\Controller\InformationController::edit() should be compatible with Admin\Common\AdminBaseController::edit($table = '', $callback = NULL) D:\xampp\htdocs\xzb\Application\Admin\Controller\InformationController.class.php 第 4 行.
SQL: SHOW COLUMNS FROM `information_type` [ RunTime:0.0070s ]
ERR: 1054:Unknown column '__JS__' in 'where clause'
 [ SQL语句 ] : SELECT * FROM `information_type` WHERE ( type=__JS__ ) 
ERR: 1054:Unknown column '__JS__' in 'where clause'
 [ SQL语句 ] : SELECT * FROM `information_type` WHERE ( type=__JS__ ) 

[ 2017-01-11T21:58:18+08:00 ] ::1 /xzb/Public/index.php/admin/Information/edit/id/50/type/__JS__/bootstrap.min.js?v=3.4.0
INFO: [ app_init ] --START--
INFO: Run Behavior\BuildLiteBehavior [ RunTime:0.000028s ]
INFO: [ app_init ] --END-- [ RunTime:0.001117s ]
INFO: [ app_begin ] --START--
INFO: Run Behavior\ReadHtmlCacheBehavior [ RunTime:0.001885s ]
INFO: [ app_begin ] --END-- [ RunTime:0.002033s ]
NOTIC: [2048] Declaration of Admin\Controller\InformationController::add() should be compatible with Admin\Common\AdminBaseController::add($table = '') D:\xampp\htdocs\xzb\Application\Admin\Controller\InformationController.class.php 第 4 行.
NOTIC: [2048] Declaration of Admin\Controller\InformationController::edit() should be compatible with Admin\Common\AdminBaseController::edit($table = '', $callback = NULL) D:\xampp\htdocs\xzb\Application\Admin\Controller\InformationController.class.php 第 4 行.
SQL: SHOW COLUMNS FROM `information_type` [ RunTime:0.0060s ]
ERR: 1054:Unknown column '__JS__' in 'where clause'
 [ SQL语句 ] : SELECT * FROM `information_type` WHERE ( type=__JS__ ) 
ERR: 1054:Unknown column '__JS__' in 'where clause'
 [ SQL语句 ] : SELECT * FROM `information_type` WHERE ( type=__JS__ ) 

[ 2017-01-11T21:58:18+08:00 ] ::1 /xzb/Public/index.php/admin/Information/edit/id/50/type/__JS__/plugins/gritter/jquery.gritter.css
INFO: [ app_init ] --START--
INFO: Run Behavior\BuildLiteBehavior [ RunTime:0.000026s ]
INFO: [ app_init ] --END-- [ RunTime:0.001553s ]
INFO: [ app_begin ] --START--
INFO: Run Behavior\ReadHtmlCacheBehavior [ RunTime:0.056629s ]
INFO: [ app_begin ] --END-- [ RunTime:0.056759s ]
NOTIC: [2048] Declaration of Admin\Controller\InformationController::add() should be compatible with Admin\Common\AdminBaseController::add($table = '') D:\xampp\htdocs\xzb\Application\Admin\Controller\InformationController.class.php 第 4 行.
NOTIC: [2048] Declaration of Admin\Controller\InformationController::edit() should be compatible with Admin\Common\AdminBaseController::edit($table = '', $callback = NULL) D:\xampp\htdocs\xzb\Application\Admin\Controller\InformationController.class.php 第 4 行.
SQL: SHOW COLUMNS FROM `information_type` [ RunTime:0.0072s ]
ERR: 1054:Unknown column '__JS__' in 'where clause'
 [ SQL语句 ] : SELECT * FROM `information_type` WHERE ( type=__JS__ ) 
ERR: 1054:Unknown column '__JS__' in 'where clause'
 [ SQL语句 ] : SELECT * FROM `information_type` WHERE ( type=__JS__ ) 

[ 2017-01-11T21:58:18+08:00 ] ::1 /xzb/Public/index.php/admin/Information/edit/id/50/type/__JS__/plugins/metisMenu/jquery.metisMenu.js
INFO: [ app_init ] --START--
INFO: Run Behavior\BuildLiteBehavior [ RunTime:0.000025s ]
INFO: [ app_init ] --END-- [ RunTime:0.001953s ]
INFO: [ app_begin ] --START--
INFO: Run Behavior\ReadHtmlCacheBehavior [ RunTime:0.002565s ]
INFO: [ app_begin ] --END-- [ RunTime:0.002691s ]
NOTIC: [2048] Declaration of Admin\Controller\InformationController::add() should be compatible with Admin\Common\AdminBaseController::add($table = '') D:\xampp\htdocs\xzb\Application\Admin\Controller\InformationController.class.php 第 4 行.
NOTIC: [2048] Declaration of Admin\Controller\InformationController::edit() should be compatible with Admin\Common\AdminBaseController::edit($table = '', $callback = NULL) D:\xampp\htdocs\xzb\Application\Admin\Controller\InformationController.class.php 第 4 行.
SQL: SHOW COLUMNS FROM `information_type` [ RunTime:0.0062s ]
ERR: 1054:Unknown column '__JS__' in 'where clause'
 [ SQL语句 ] : SELECT * FROM `information_type` WHERE ( type=__JS__ ) 
ERR: 1054:Unknown column '__JS__' in 'where clause'
 [ SQL语句 ] : SELECT * FROM `information_type` WHERE ( type=__JS__ ) 

[ 2017-01-11T21:58:18+08:00 ] ::1 /xzb/Public/index.php/admin/Information/edit/id/50/type/__JS__/plugins/slimscroll/jquery.slimscroll.min.js
INFO: [ app_init ] --START--
INFO: Run Behavior\BuildLiteBehavior [ RunTime:0.000025s ]
INFO: [ app_init ] --END-- [ RunTime:0.000815s ]
INFO: [ app_begin ] --START--
INFO: Run Behavior\ReadHtmlCacheBehavior [ RunTime:0.001099s ]
INFO: [ app_begin ] --END-- [ RunTime:0.001215s ]
NOTIC: [2048] Declaration of Admin\Controller\InformationController::add() should be compatible with Admin\Common\AdminBaseController::add($table = '') D:\xampp\htdocs\xzb\Application\Admin\Controller\InformationController.class.php 第 4 行.
NOTIC: [2048] Declaration of Admin\Controller\InformationController::edit() should be compatible with Admin\Common\AdminBaseController::edit($table = '', $callback = NULL) D:\xampp\htdocs\xzb\Application\Admin\Controller\InformationController.class.php 第 4 行.
SQL: SHOW COLUMNS FROM `information_type` [ RunTime:0.0060s ]
ERR: 1054:Unknown column '__JS__' in 'where clause'
 [ SQL语句 ] : SELECT * FROM `information_type` WHERE ( type=__JS__ ) 
ERR: 1054:Unknown column '__JS__' in 'where clause'
 [ SQL语句 ] : SELECT * FROM `information_type` WHERE ( type=__JS__ ) 

[ 2017-01-11T21:58:18+08:00 ] ::1 /xzb/Public/index.php/admin/Information/edit/id/50/type/__JS__/hplus.js?v=2.2.0
INFO: [ app_init ] --START--
INFO: Run Behavior\BuildLiteBehavior [ RunTime:0.000027s ]
INFO: [ app_init ] --END-- [ RunTime:0.001080s ]
INFO: [ app_begin ] --START--
INFO: Run Behavior\ReadHtmlCacheBehavior [ RunTime:0.001603s ]
INFO: [ app_begin ] --END-- [ RunTime:0.001790s ]
NOTIC: [2048] Declaration of Admin\Controller\InformationController::add() should be compatible with Admin\Common\AdminBaseController::add($table = '') D:\xampp\htdocs\xzb\Application\Admin\Controller\InformationController.class.php 第 4 行.
NOTIC: [2048] Declaration of Admin\Controller\InformationController::edit() should be compatible with Admin\Common\AdminBaseController::edit($table = '', $callback = NULL) D:\xampp\htdocs\xzb\Application\Admin\Controller\InformationController.class.php 第 4 行.
SQL: SHOW COLUMNS FROM `information_type` [ RunTime:0.0067s ]
ERR: 1054:Unknown column '__JS__' in 'where clause'
 [ SQL语句 ] : SELECT * FROM `information_type` WHERE ( type=__JS__ ) 
ERR: 1054:Unknown column '__JS__' in 'where clause'
 [ SQL语句 ] : SELECT * FROM `information_type` WHERE ( type=__JS__ ) 

[ 2017-01-11T21:58:18+08:00 ] ::1 /xzb/Public/index.php/admin/Information/edit/id/50/type/__JS__/plugins/layer-v2.1/layer/layer.js
INFO: [ app_init ] --START--
INFO: Run Behavior\BuildLiteBehavior [ RunTime:0.000083s ]
INFO: [ app_init ] --END-- [ RunTime:0.001436s ]
INFO: [ app_begin ] --START--
INFO: Run Behavior\ReadHtmlCacheBehavior [ RunTime:0.001675s ]
INFO: [ app_begin ] --END-- [ RunTime:0.001800s ]
NOTIC: [2048] Declaration of Admin\Controller\InformationController::add() should be compatible with Admin\Common\AdminBaseController::add($table = '') D:\xampp\htdocs\xzb\Application\Admin\Controller\InformationController.class.php 第 4 行.
NOTIC: [2048] Declaration of Admin\Controller\InformationController::edit() should be compatible with Admin\Common\AdminBaseController::edit($table = '', $callback = NULL) D:\xampp\htdocs\xzb\Application\Admin\Controller\InformationController.class.php 第 4 行.
SQL: SHOW COLUMNS FROM `information_type` [ RunTime:0.0068s ]
ERR: 1054:Unknown column '__JS__' in 'where clause'
 [ SQL语句 ] : SELECT * FROM `information_type` WHERE ( type=__JS__ ) 
ERR: 1054:Unknown column '__JS__' in 'where clause'
 [ SQL语句 ] : SELECT * FROM `information_type` WHERE ( type=__JS__ ) 

[ 2017-01-11T21:58:18+08:00 ] ::1 /xzb/Public/index.php/admin/Information/edit/id/50/type/__JS__/plugins/pace/pace.min.js
INFO: [ app_init ] --START--
INFO: Run Behavior\BuildLiteBehavior [ RunTime:0.000028s ]
INFO: [ app_init ] --END-- [ RunTime:0.001279s ]
INFO: [ app_begin ] --START--
INFO: Run Behavior\ReadHtmlCacheBehavior [ RunTime:0.012290s ]
INFO: [ app_begin ] --END-- [ RunTime:0.013128s ]
NOTIC: [2048] Declaration of Admin\Controller\InformationController::add() should be compatible with Admin\Common\AdminBaseController::add($table = '') D:\xampp\htdocs\xzb\Application\Admin\Controller\InformationController.class.php 第 4 行.
NOTIC: [2048] Declaration of Admin\Controller\InformationController::edit() should be compatible with Admin\Common\AdminBaseController::edit($table = '', $callback = NULL) D:\xampp\htdocs\xzb\Application\Admin\Controller\InformationController.class.php 第 4 行.
SQL: SHOW COLUMNS FROM `information_type` [ RunTime:0.0064s ]
ERR: 1054:Unknown column '__JS__' in 'where clause'
 [ SQL语句 ] : SELECT * FROM `information_type` WHERE ( type=__JS__ ) 
ERR: 1054:Unknown column '__JS__' in 'where clause'
 [ SQL语句 ] : SELECT * FROM `information_type` WHERE ( type=__JS__ ) 

[ 2017-01-11T21:58:18+08:00 ] ::1 /xzb/Public/index.php/admin/Information/edit/id/50/type/__JS__/plugins/layer-v2.1/layer/extend/layer.ext.js
INFO: [ app_init ] --START--
INFO: Run Behavior\BuildLiteBehavior [ RunTime:0.000027s ]
INFO: [ app_init ] --END-- [ RunTime:0.000778s ]
INFO: [ app_begin ] --START--
INFO: Run Behavior\ReadHtmlCacheBehavior [ RunTime:0.001203s ]
INFO: [ app_begin ] --END-- [ RunTime:0.004436s ]
NOTIC: [2048] Declaration of Admin\Controller\InformationController::add() should be compatible with Admin\Common\AdminBaseController::add($table = '') D:\xampp\htdocs\xzb\Application\Admin\Controller\InformationController.class.php 第 4 行.
NOTIC: [2048] Declaration of Admin\Controller\InformationController::edit() should be compatible with Admin\Common\AdminBaseController::edit($table = '', $callback = NULL) D:\xampp\htdocs\xzb\Application\Admin\Controller\InformationController.class.php 第 4 行.
SQL: SHOW COLUMNS FROM `information_type` [ RunTime:0.0068s ]
ERR: 1054:Unknown column '__JS__' in 'where clause'
 [ SQL语句 ] : SELECT * FROM `information_type` WHERE ( type=__JS__ ) 
ERR: 1054:Unknown column '__JS__' in 'where clause'
 [ SQL语句 ] : SELECT * FROM `information_type` WHERE ( type=__JS__ ) 

[ 2017-01-11T21:58:18+08:00 ] ::1 /xzb/Public/index.php/admin/Information/edit/id/50/type/__IMG__/favicon.ico
INFO: [ app_init ] --START--
INFO: Run Behavior\BuildLiteBehavior [ RunTime:0.000036s ]
INFO: [ app_init ] --END-- [ RunTime:0.005526s ]

[ 2017-01-11T21:58:18+08:00 ] ::1 /xzb/Public/index.php/admin/Information/edit/id/50/type/__JS__/plugins/layer/laydate/laydate.js
INFO: [ app_init ] --START--
INFO: Run Behavior\BuildLiteBehavior [ RunTime:0.000029s ]
INFO: [ app_init ] --END-- [ RunTime:0.001053s ]
INFO: [ app_begin ] --START--
INFO: Run Behavior\ReadHtmlCacheBehavior [ RunTime:0.009273s ]
INFO: [ app_begin ] --END-- [ RunTime:0.009450s ]
NOTIC: [2048] Declaration of Admin\Controller\InformationController::add() should be compatible with Admin\Common\AdminBaseController::add($table = '') D:\xampp\htdocs\xzb\Application\Admin\Controller\InformationController.class.php 第 4 行.
NOTIC: [2048] Declaration of Admin\Controller\InformationController::edit() should be compatible with Admin\Common\AdminBaseController::edit($table = '', $callback = NULL) D:\xampp\htdocs\xzb\Application\Admin\Controller\InformationController.class.php 第 4 行.
SQL: SHOW COLUMNS FROM `information_type` [ RunTime:0.0056s ]
ERR: 1054:Unknown column '__JS__' in 'where clause'
 [ SQL语句 ] : SELECT * FROM `information_type` WHERE ( type=__JS__ ) 
ERR: 1054:Unknown column '__JS__' in 'where clause'
 [ SQL语句 ] : SELECT * FROM `information_type` WHERE ( type=__JS__ ) 

[ 2017-01-11T21:58:18+08:00 ] ::1 /xzb/Public/index.php/admin/Information/edit/id/50/type/__JS__/plugins/toastr/toastr.min.js
INFO: [ app_init ] --START--
INFO: Run Behavior\BuildLiteBehavior [ RunTime:0.000027s ]
INFO: [ app_init ] --END-- [ RunTime:0.000932s ]
INFO: [ app_begin ] --START--
INFO: Run Behavior\ReadHtmlCacheBehavior [ RunTime:0.001262s ]
INFO: [ app_begin ] --END-- [ RunTime:0.001381s ]
NOTIC: [2048] Declaration of Admin\Controller\InformationController::add() should be compatible with Admin\Common\AdminBaseController::add($table = '') D:\xampp\htdocs\xzb\Application\Admin\Controller\InformationController.class.php 第 4 行.
NOTIC: [2048] Declaration of Admin\Controller\InformationController::edit() should be compatible with Admin\Common\AdminBaseController::edit($table = '', $callback = NULL) D:\xampp\htdocs\xzb\Application\Admin\Controller\InformationController.class.php 第 4 行.
SQL: SHOW COLUMNS FROM `information_type` [ RunTime:0.0069s ]
ERR: 1054:Unknown column '__JS__' in 'where clause'
 [ SQL语句 ] : SELECT * FROM `information_type` WHERE ( type=__JS__ ) 
ERR: 1054:Unknown column '__JS__' in 'where clause'
 [ SQL语句 ] : SELECT * FROM `information_type` WHERE ( type=__JS__ ) 

[ 2017-01-11T21:58:18+08:00 ] ::1 /xzb/Public/index.php/admin/Information/edit/id/50/type/script/layer/layer.js
INFO: [ app_init ] --START--
INFO: Run Behavior\BuildLiteBehavior [ RunTime:0.000024s ]
INFO: [ app_init ] --END-- [ RunTime:0.000855s ]
INFO: [ app_begin ] --START--
INFO: Run Behavior\ReadHtmlCacheBehavior [ RunTime:0.007848s ]
INFO: [ app_begin ] --END-- [ RunTime:0.007987s ]
NOTIC: [2048] Declaration of Admin\Controller\InformationController::add() should be compatible with Admin\Common\AdminBaseController::add($table = '') D:\xampp\htdocs\xzb\Application\Admin\Controller\InformationController.class.php 第 4 行.
NOTIC: [2048] Declaration of Admin\Controller\InformationController::edit() should be compatible with Admin\Common\AdminBaseController::edit($table = '', $callback = NULL) D:\xampp\htdocs\xzb\Application\Admin\Controller\InformationController.class.php 第 4 行.
SQL: SHOW COLUMNS FROM `information_type` [ RunTime:0.0101s ]
ERR: 1054:Unknown column 'script' in 'where clause'
 [ SQL语句 ] : SELECT * FROM `information_type` WHERE ( type=script ) 
ERR: 1054:Unknown column 'script' in 'where clause'
 [ SQL语句 ] : SELECT * FROM `information_type` WHERE ( type=script ) 

[ 2017-01-11T21:58:18+08:00 ] ::1 /xzb/Public/index.php/admin/Information/edit/id/50/type/__JS__/plugins/layer-v2.1/layer/layer.js
INFO: [ app_init ] --START--
INFO: Run Behavior\BuildLiteBehavior [ RunTime:0.000024s ]
INFO: [ app_init ] --END-- [ RunTime:0.000852s ]
INFO: [ app_begin ] --START--
INFO: Run Behavior\ReadHtmlCacheBehavior [ RunTime:0.001449s ]
INFO: [ app_begin ] --END-- [ RunTime:0.001592s ]
NOTIC: [2048] Declaration of Admin\Controller\InformationController::add() should be compatible with Admin\Common\AdminBaseController::add($table = '') D:\xampp\htdocs\xzb\Application\Admin\Controller\InformationController.class.php 第 4 行.
NOTIC: [2048] Declaration of Admin\Controller\InformationController::edit() should be compatible with Admin\Common\AdminBaseController::edit($table = '', $callback = NULL) D:\xampp\htdocs\xzb\Application\Admin\Controller\InformationController.class.php 第 4 行.
SQL: SHOW COLUMNS FROM `information_type` [ RunTime:0.0075s ]
ERR: 1054:Unknown column '__JS__' in 'where clause'
 [ SQL语句 ] : SELECT * FROM `information_type` WHERE ( type=__JS__ ) 
ERR: 1054:Unknown column '__JS__' in 'where clause'
 [ SQL语句 ] : SELECT * FROM `information_type` WHERE ( type=__JS__ ) 

[ 2017-01-11T21:58:18+08:00 ] ::1 /xzb/Public/index.php/admin/Information/edit/id/50/type/__JS__/plugins/layer-v2.1/layer/extend/layer.ext.js
INFO: [ app_init ] --START--
INFO: Run Behavior\BuildLiteBehavior [ RunTime:0.000026s ]
INFO: [ app_init ] --END-- [ RunTime:0.000835s ]
INFO: [ app_begin ] --START--
INFO: Run Behavior\ReadHtmlCacheBehavior [ RunTime:0.001119s ]
INFO: [ app_begin ] --END-- [ RunTime:0.001250s ]
NOTIC: [2048] Declaration of Admin\Controller\InformationController::add() should be compatible with Admin\Common\AdminBaseController::add($table = '') D:\xampp\htdocs\xzb\Application\Admin\Controller\InformationController.class.php 第 4 行.
NOTIC: [2048] Declaration of Admin\Controller\InformationController::edit() should be compatible with Admin\Common\AdminBaseController::edit($table = '', $callback = NULL) D:\xampp\htdocs\xzb\Application\Admin\Controller\InformationController.class.php 第 4 行.
SQL: SHOW COLUMNS FROM `information_type` [ RunTime:0.0070s ]
ERR: 1054:Unknown column '__JS__' in 'where clause'
 [ SQL语句 ] : SELECT * FROM `information_type` WHERE ( type=__JS__ ) 
ERR: 1054:Unknown column '__JS__' in 'where clause'
 [ SQL语句 ] : SELECT * FROM `information_type` WHERE ( type=__JS__ ) 

[ 2017-01-11T21:58:18+08:00 ] ::1 /xzb/Public/index.php/admin/Information/edit/id/50/type/__JS__/plugins/layer/laydate/laydate.js
INFO: [ app_init ] --START--
INFO: Run Behavior\BuildLiteBehavior [ RunTime:0.000028s ]
INFO: [ app_init ] --END-- [ RunTime:0.000959s ]
INFO: [ app_begin ] --START--
INFO: Run Behavior\ReadHtmlCacheBehavior [ RunTime:0.001145s ]
INFO: [ app_begin ] --END-- [ RunTime:0.001269s ]
NOTIC: [2048] Declaration of Admin\Controller\InformationController::add() should be compatible with Admin\Common\AdminBaseController::add($table = '') D:\xampp\htdocs\xzb\Application\Admin\Controller\InformationController.class.php 第 4 行.
NOTIC: [2048] Declaration of Admin\Controller\InformationController::edit() should be compatible with Admin\Common\AdminBaseController::edit($table = '', $callback = NULL) D:\xampp\htdocs\xzb\Application\Admin\Controller\InformationController.class.php 第 4 行.
SQL: SHOW COLUMNS FROM `information_type` [ RunTime:0.0075s ]
ERR: 1054:Unknown column '__JS__' in 'where clause'
 [ SQL语句 ] : SELECT * FROM `information_type` WHERE ( type=__JS__ ) 
ERR: 1054:Unknown column '__JS__' in 'where clause'
 [ SQL语句 ] : SELECT * FROM `information_type` WHERE ( type=__JS__ ) 

[ 2017-01-11T21:58:19+08:00 ] ::1 /xzb/Public/index.php/admin/Information/edit/id/50/type/__JS__/plugins/toastr/toastr.min.js
INFO: [ app_init ] --START--
INFO: Run Behavior\BuildLiteBehavior [ RunTime:0.000036s ]
INFO: [ app_init ] --END-- [ RunTime:0.001553s ]
INFO: [ app_begin ] --START--
INFO: Run Behavior\ReadHtmlCacheBehavior [ RunTime:0.001693s ]
INFO: [ app_begin ] --END-- [ RunTime:0.001883s ]
NOTIC: [2048] Declaration of Admin\Controller\InformationController::add() should be compatible with Admin\Common\AdminBaseController::add($table = '') D:\xampp\htdocs\xzb\Application\Admin\Controller\InformationController.class.php 第 4 行.
NOTIC: [2048] Declaration of Admin\Controller\InformationController::edit() should be compatible with Admin\Common\AdminBaseController::edit($table = '', $callback = NULL) D:\xampp\htdocs\xzb\Application\Admin\Controller\InformationController.class.php 第 4 行.
SQL: SHOW COLUMNS FROM `information_type` [ RunTime:0.0060s ]
ERR: 1054:Unknown column '__JS__' in 'where clause'
 [ SQL语句 ] : SELECT * FROM `information_type` WHERE ( type=__JS__ ) 
ERR: 1054:Unknown column '__JS__' in 'where clause'
 [ SQL语句 ] : SELECT * FROM `information_type` WHERE ( type=__JS__ ) 

[ 2017-01-11T21:58:22+08:00 ] ::1 /xzb/Public/index.php/admin/Information/edit/id/50/type/script/layer/layer.js
INFO: [ app_init ] --START--
INFO: Run Behavior\BuildLiteBehavior [ RunTime:0.000027s ]
INFO: [ app_init ] --END-- [ RunTime:0.000909s ]
INFO: [ app_begin ] --START--
INFO: Run Behavior\ReadHtmlCacheBehavior [ RunTime:0.001421s ]
INFO: [ app_begin ] --END-- [ RunTime:0.001592s ]
NOTIC: [2048] Declaration of Admin\Controller\InformationController::add() should be compatible with Admin\Common\AdminBaseController::add($table = '') D:\xampp\htdocs\xzb\Application\Admin\Controller\InformationController.class.php 第 4 行.
NOTIC: [2048] Declaration of Admin\Controller\InformationController::edit() should be compatible with Admin\Common\AdminBaseController::edit($table = '', $callback = NULL) D:\xampp\htdocs\xzb\Application\Admin\Controller\InformationController.class.php 第 4 行.
SQL: SHOW COLUMNS FROM `information_type` [ RunTime:0.0064s ]
ERR: 1054:Unknown column 'script' in 'where clause'
 [ SQL语句 ] : SELECT * FROM `information_type` WHERE ( type=script ) 
ERR: 1054:Unknown column 'script' in 'where clause'
 [ SQL语句 ] : SELECT * FROM `information_type` WHERE ( type=script ) 

